<?xml version="1.0" encoding="UTF-8"?>
<testng-results ignored="4" total="28" passed="0" failed="0" skipped="24">
  <reporter-output>
  </reporter-output>
  <suite started-at="2021-09-04T16:40:56 EDT" name="MasterSuite" finished-at="2021-09-04T16:40:58 EDT" duration-ms="1514">
    <groups>
    </groups>
    <test started-at="2021-09-04T16:40:56 EDT" name="AllTests" finished-at="2021-09-04T16:40:58 EDT" duration-ms="1514">
      <class name="lesson9_10_Selenium_PageObjectTests2_BaseTest.LoginTest">
        <test-method is-config="true" signature="startUp(java.lang.String,java.lang.String,java.lang.String)[pri:0, instance:lesson9_10_Selenium_PageObjectTests2_BaseTest.LoginTest@1e4a7dd4]" started-at="2021-09-04T16:40:56 EDT" name="startUp" finished-at="2021-09-04T16:40:58 EDT" duration-ms="1284" status="FAIL">
          <params>
            <param index="0">
              <value>
                <![CDATA[koeluser06@testpro.io]]>
              </value>
            </param>
            <param index="1">
              <value>
                <![CDATA[te$t$tudent]]>
              </value>
            </param>
            <param index="2">
              <value>
                <![CDATA[te$t$tudent1]]>
              </value>
            </param>
          </params>
          <exception class="org.openqa.selenium.SessionNotCreatedException">
            <message>
              <![CDATA[session not created: This version of ChromeDriver only supports Chrome version 91
Current browser version is 93.0.4577.63 with binary path /Applications/Google Chrome.app/Contents/MacOS/Google Chrome
Build info: version: '3.141.59', revision: 'e82be7d358', time: '2018-11-14T08:17:03'
System info: host: 'MBP-Kamil', ip: 'fdcb:6e76:c610:1:8fc:ea78:43a0:41f8%en0', os.name: 'Mac OS X', os.arch: 'x86_64', os.version: '10.16', java.version: '14.0.2'
Driver info: driver.version: ChromeDriver
remote stacktrace: 0   chromedriver                        0x000000010d22b649 chromedriver + 2741833
1   chromedriver                        0x000000010d8e1fb3 chromedriver + 9781171
2   chromedriver                        0x000000010cfb8308 chromedriver + 172808
3   chromedriver                        0x000000010cfddcc1 chromedriver + 326849
4   chromedriver                        0x000000010cfd9983 chromedriver + 309635
5   chromedriver                        0x000000010cfd6016 chromedriver + 294934
6   chromedriver                        0x000000010d00e4c0 chromedriver + 525504
7   chromedriver                        0x000000010d009363 chromedriver + 504675
8   chromedriver                        0x000000010cfdfef1 chromedriver + 335601
9   chromedriver                        0x000000010cfe1125 chromedriver + 340261
10  chromedriver                        0x000000010d1f275c chromedriver + 2508636
11  chromedriver                        0x000000010d205686 chromedriver + 2586246
12  chromedriver                        0x000000010d1d7b51 chromedriver + 2399057
13  chromedriver                        0x000000010d206a5f chromedriver + 2591327
14  chromedriver                        0x000000010d1e86ec chromedriver + 2467564
15  chromedriver                        0x000000010d2202d8 chromedriver + 2695896
16  chromedriver                        0x000000010d22046b chromedriver + 2696299
17  chromedriver                        0x000000010d230558 chromedriver + 2762072
18  libsystem_pthread.dylib             0x00007fff204128fc _pthread_start + 224
19  libsystem_pthread.dylib             0x00007fff2040e443 thread_start + 15
]]>
            </message>
            <full-stacktrace>
              <![CDATA[org.openqa.selenium.SessionNotCreatedException: session not created: This version of ChromeDriver only supports Chrome version 91
Current browser version is 93.0.4577.63 with binary path /Applications/Google Chrome.app/Contents/MacOS/Google Chrome
Build info: version: '3.141.59', revision: 'e82be7d358', time: '2018-11-14T08:17:03'
System info: host: 'MBP-Kamil', ip: 'fdcb:6e76:c610:1:8fc:ea78:43a0:41f8%en0', os.name: 'Mac OS X', os.arch: 'x86_64', os.version: '10.16', java.version: '14.0.2'
Driver info: driver.version: ChromeDriver
remote stacktrace: 0   chromedriver                        0x000000010d22b649 chromedriver + 2741833
1   chromedriver                        0x000000010d8e1fb3 chromedriver + 9781171
2   chromedriver                        0x000000010cfb8308 chromedriver + 172808
3   chromedriver                        0x000000010cfddcc1 chromedriver + 326849
4   chromedriver                        0x000000010cfd9983 chromedriver + 309635
5   chromedriver                        0x000000010cfd6016 chromedriver + 294934
6   chromedriver                        0x000000010d00e4c0 chromedriver + 525504
7   chromedriver                        0x000000010d009363 chromedriver + 504675
8   chromedriver                        0x000000010cfdfef1 chromedriver + 335601
9   chromedriver                        0x000000010cfe1125 chromedriver + 340261
10  chromedriver                        0x000000010d1f275c chromedriver + 2508636
11  chromedriver                        0x000000010d205686 chromedriver + 2586246
12  chromedriver                        0x000000010d1d7b51 chromedriver + 2399057
13  chromedriver                        0x000000010d206a5f chromedriver + 2591327
14  chromedriver                        0x000000010d1e86ec chromedriver + 2467564
15  chromedriver                        0x000000010d2202d8 chromedriver + 2695896
16  chromedriver                        0x000000010d22046b chromedriver + 2696299
17  chromedriver                        0x000000010d230558 chromedriver + 2762072
18  libsystem_pthread.dylib             0x00007fff204128fc _pthread_start + 224
19  libsystem_pthread.dylib             0x00007fff2040e443 thread_start + 15

at java.base/jdk.internal.reflect.NativeConstructorAccessorImpl.newInstance0(Native Method)
at java.base/jdk.internal.reflect.NativeConstructorAccessorImpl.newInstance(NativeConstructorAccessorImpl.java:62)
at java.base/jdk.internal.reflect.DelegatingConstructorAccessorImpl.newInstance(DelegatingConstructorAccessorImpl.java:45)
at java.base/java.lang.reflect.Constructor.newInstanceWithCaller(Constructor.java:500)
at java.base/java.lang.reflect.Constructor.newInstance(Constructor.java:481)
at org.openqa.selenium.remote.W3CHandshakeResponse.lambda$errorHandler$0(W3CHandshakeResponse.java:62)
at org.openqa.selenium.remote.HandshakeResponse.lambda$getResponseFunction$0(HandshakeResponse.java:30)
at org.openqa.selenium.remote.ProtocolHandshake.lambda$createSession$0(ProtocolHandshake.java:126)
at java.base/java.util.stream.ReferencePipeline$3$1.accept(ReferencePipeline.java:195)
at java.base/java.util.Spliterators$ArraySpliterator.tryAdvance(Spliterators.java:958)
at java.base/java.util.stream.ReferencePipeline.forEachWithCancel(ReferencePipeline.java:127)
at java.base/java.util.stream.AbstractPipeline.copyIntoWithCancel(AbstractPipeline.java:502)
at java.base/java.util.stream.AbstractPipeline.copyInto(AbstractPipeline.java:488)
at java.base/java.util.stream.AbstractPipeline.wrapAndCopyInto(AbstractPipeline.java:474)
at java.base/java.util.stream.FindOps$FindOp.evaluateSequential(FindOps.java:150)
at java.base/java.util.stream.AbstractPipeline.evaluate(AbstractPipeline.java:234)
at java.base/java.util.stream.ReferencePipeline.findFirst(ReferencePipeline.java:543)
at org.openqa.selenium.remote.ProtocolHandshake.createSession(ProtocolHandshake.java:128)
at org.openqa.selenium.remote.ProtocolHandshake.createSession(ProtocolHandshake.java:74)
at org.openqa.selenium.remote.HttpCommandExecutor.execute(HttpCommandExecutor.java:136)
at org.openqa.selenium.remote.service.DriverCommandExecutor.execute(DriverCommandExecutor.java:83)
at org.openqa.selenium.remote.RemoteWebDriver.execute(RemoteWebDriver.java:552)
at org.openqa.selenium.remote.RemoteWebDriver.startSession(RemoteWebDriver.java:213)
at org.openqa.selenium.remote.RemoteWebDriver.<init>(RemoteWebDriver.java:131)
at org.openqa.selenium.chrome.ChromeDriver.<init>(ChromeDriver.java:181)
at org.openqa.selenium.chrome.ChromeDriver.<init>(ChromeDriver.java:168)
at org.openqa.selenium.chrome.ChromeDriver.<init>(ChromeDriver.java:157)
at lesson11_Selenium_BrowserFabric.enums.BrowserFabric.getChromeDriver(BrowserFabric.java:57)
at lesson11_Selenium_BrowserFabric.enums.BrowserFabric.getWebdriver(BrowserFabric.java:26)
at lesson9_10_Selenium_PageObjectTests2_BaseTest.BaseTest.startUp(BaseTest.java:35)
at java.base/jdk.internal.reflect.NativeMethodAccessorImpl.invoke0(Native Method)
at java.base/jdk.internal.reflect.NativeMethodAccessorImpl.invoke(NativeMethodAccessorImpl.java:62)
at java.base/jdk.internal.reflect.DelegatingMethodAccessorImpl.invoke(DelegatingMethodAccessorImpl.java:43)
at java.base/java.lang.reflect.Method.invoke(Method.java:564)
at org.testng.internal.MethodInvocationHelper.invokeMethod(MethodInvocationHelper.java:133)
at org.testng.internal.MethodInvocationHelper.invokeMethodConsideringTimeout(MethodInvocationHelper.java:62)
at org.testng.internal.ConfigInvoker.invokeConfigurationMethod(ConfigInvoker.java:385)
at org.testng.internal.ConfigInvoker.invokeConfigurations(ConfigInvoker.java:321)
at org.testng.internal.TestInvoker.runConfigMethods(TestInvoker.java:700)
at org.testng.internal.TestInvoker.invokeMethod(TestInvoker.java:527)
at org.testng.internal.TestInvoker.invokeTestMethod(TestInvoker.java:173)
at org.testng.internal.MethodRunner.runInSequence(MethodRunner.java:46)
at org.testng.internal.TestInvoker$MethodInvocationAgent.invoke(TestInvoker.java:824)
at org.testng.internal.TestInvoker.invokeTestMethods(TestInvoker.java:146)
at org.testng.internal.TestMethodWorker.invokeTestMethods(TestMethodWorker.java:146)
at org.testng.internal.TestMethodWorker.run(TestMethodWorker.java:128)
at java.base/java.util.concurrent.ThreadPoolExecutor.runWorker(ThreadPoolExecutor.java:1130)
at java.base/java.util.concurrent.ThreadPoolExecutor$Worker.run(ThreadPoolExecutor.java:630)
at java.base/java.lang.Thread.run(Thread.java:832)
]]>
            </full-stacktrace>
          </exception> <!-- org.openqa.selenium.SessionNotCreatedException -->
          <reporter-output>
          </reporter-output>
        </test-method> <!-- startUp -->
        <test-method signature="loginTest_correctCredentials1()[pri:0, instance:lesson9_10_Selenium_PageObjectTests2_BaseTest.LoginTest@1e4a7dd4]" started-at="2021-09-04T16:40:58 EDT" name="loginTest_correctCredentials1" finished-at="2021-09-04T16:40:58 EDT" duration-ms="0" status="SKIP">
          <exception class="org.openqa.selenium.SessionNotCreatedException">
            <message>
              <![CDATA[session not created: This version of ChromeDriver only supports Chrome version 91
Current browser version is 93.0.4577.63 with binary path /Applications/Google Chrome.app/Contents/MacOS/Google Chrome
Build info: version: '3.141.59', revision: 'e82be7d358', time: '2018-11-14T08:17:03'
System info: host: 'MBP-Kamil', ip: 'fdcb:6e76:c610:1:8fc:ea78:43a0:41f8%en0', os.name: 'Mac OS X', os.arch: 'x86_64', os.version: '10.16', java.version: '14.0.2'
Driver info: driver.version: ChromeDriver
remote stacktrace: 0   chromedriver                        0x000000010d22b649 chromedriver + 2741833
1   chromedriver                        0x000000010d8e1fb3 chromedriver + 9781171
2   chromedriver                        0x000000010cfb8308 chromedriver + 172808
3   chromedriver                        0x000000010cfddcc1 chromedriver + 326849
4   chromedriver                        0x000000010cfd9983 chromedriver + 309635
5   chromedriver                        0x000000010cfd6016 chromedriver + 294934
6   chromedriver                        0x000000010d00e4c0 chromedriver + 525504
7   chromedriver                        0x000000010d009363 chromedriver + 504675
8   chromedriver                        0x000000010cfdfef1 chromedriver + 335601
9   chromedriver                        0x000000010cfe1125 chromedriver + 340261
10  chromedriver                        0x000000010d1f275c chromedriver + 2508636
11  chromedriver                        0x000000010d205686 chromedriver + 2586246
12  chromedriver                        0x000000010d1d7b51 chromedriver + 2399057
13  chromedriver                        0x000000010d206a5f chromedriver + 2591327
14  chromedriver                        0x000000010d1e86ec chromedriver + 2467564
15  chromedriver                        0x000000010d2202d8 chromedriver + 2695896
16  chromedriver                        0x000000010d22046b chromedriver + 2696299
17  chromedriver                        0x000000010d230558 chromedriver + 2762072
18  libsystem_pthread.dylib             0x00007fff204128fc _pthread_start + 224
19  libsystem_pthread.dylib             0x00007fff2040e443 thread_start + 15
]]>
            </message>
            <full-stacktrace>
              <![CDATA[org.openqa.selenium.SessionNotCreatedException: session not created: This version of ChromeDriver only supports Chrome version 91
Current browser version is 93.0.4577.63 with binary path /Applications/Google Chrome.app/Contents/MacOS/Google Chrome
Build info: version: '3.141.59', revision: 'e82be7d358', time: '2018-11-14T08:17:03'
System info: host: 'MBP-Kamil', ip: 'fdcb:6e76:c610:1:8fc:ea78:43a0:41f8%en0', os.name: 'Mac OS X', os.arch: 'x86_64', os.version: '10.16', java.version: '14.0.2'
Driver info: driver.version: ChromeDriver
remote stacktrace: 0   chromedriver                        0x000000010d22b649 chromedriver + 2741833
1   chromedriver                        0x000000010d8e1fb3 chromedriver + 9781171
2   chromedriver                        0x000000010cfb8308 chromedriver + 172808
3   chromedriver                        0x000000010cfddcc1 chromedriver + 326849
4   chromedriver                        0x000000010cfd9983 chromedriver + 309635
5   chromedriver                        0x000000010cfd6016 chromedriver + 294934
6   chromedriver                        0x000000010d00e4c0 chromedriver + 525504
7   chromedriver                        0x000000010d009363 chromedriver + 504675
8   chromedriver                        0x000000010cfdfef1 chromedriver + 335601
9   chromedriver                        0x000000010cfe1125 chromedriver + 340261
10  chromedriver                        0x000000010d1f275c chromedriver + 2508636
11  chromedriver                        0x000000010d205686 chromedriver + 2586246
12  chromedriver                        0x000000010d1d7b51 chromedriver + 2399057
13  chromedriver                        0x000000010d206a5f chromedriver + 2591327
14  chromedriver                        0x000000010d1e86ec chromedriver + 2467564
15  chromedriver                        0x000000010d2202d8 chromedriver + 2695896
16  chromedriver                        0x000000010d22046b chromedriver + 2696299
17  chromedriver                        0x000000010d230558 chromedriver + 2762072
18  libsystem_pthread.dylib             0x00007fff204128fc _pthread_start + 224
19  libsystem_pthread.dylib             0x00007fff2040e443 thread_start + 15

at java.base/jdk.internal.reflect.NativeConstructorAccessorImpl.newInstance0(Native Method)
at java.base/jdk.internal.reflect.NativeConstructorAccessorImpl.newInstance(NativeConstructorAccessorImpl.java:62)
at java.base/jdk.internal.reflect.DelegatingConstructorAccessorImpl.newInstance(DelegatingConstructorAccessorImpl.java:45)
at java.base/java.lang.reflect.Constructor.newInstanceWithCaller(Constructor.java:500)
at java.base/java.lang.reflect.Constructor.newInstance(Constructor.java:481)
at org.openqa.selenium.remote.W3CHandshakeResponse.lambda$errorHandler$0(W3CHandshakeResponse.java:62)
at org.openqa.selenium.remote.HandshakeResponse.lambda$getResponseFunction$0(HandshakeResponse.java:30)
at org.openqa.selenium.remote.ProtocolHandshake.lambda$createSession$0(ProtocolHandshake.java:126)
at java.base/java.util.stream.ReferencePipeline$3$1.accept(ReferencePipeline.java:195)
at java.base/java.util.Spliterators$ArraySpliterator.tryAdvance(Spliterators.java:958)
at java.base/java.util.stream.ReferencePipeline.forEachWithCancel(ReferencePipeline.java:127)
at java.base/java.util.stream.AbstractPipeline.copyIntoWithCancel(AbstractPipeline.java:502)
at java.base/java.util.stream.AbstractPipeline.copyInto(AbstractPipeline.java:488)
at java.base/java.util.stream.AbstractPipeline.wrapAndCopyInto(AbstractPipeline.java:474)
at java.base/java.util.stream.FindOps$FindOp.evaluateSequential(FindOps.java:150)
at java.base/java.util.stream.AbstractPipeline.evaluate(AbstractPipeline.java:234)
at java.base/java.util.stream.ReferencePipeline.findFirst(ReferencePipeline.java:543)
at org.openqa.selenium.remote.ProtocolHandshake.createSession(ProtocolHandshake.java:128)
at org.openqa.selenium.remote.ProtocolHandshake.createSession(ProtocolHandshake.java:74)
at org.openqa.selenium.remote.HttpCommandExecutor.execute(HttpCommandExecutor.java:136)
at org.openqa.selenium.remote.service.DriverCommandExecutor.execute(DriverCommandExecutor.java:83)
at org.openqa.selenium.remote.RemoteWebDriver.execute(RemoteWebDriver.java:552)
at org.openqa.selenium.remote.RemoteWebDriver.startSession(RemoteWebDriver.java:213)
at org.openqa.selenium.remote.RemoteWebDriver.<init>(RemoteWebDriver.java:131)
at org.openqa.selenium.chrome.ChromeDriver.<init>(ChromeDriver.java:181)
at org.openqa.selenium.chrome.ChromeDriver.<init>(ChromeDriver.java:168)
at org.openqa.selenium.chrome.ChromeDriver.<init>(ChromeDriver.java:157)
at lesson11_Selenium_BrowserFabric.enums.BrowserFabric.getChromeDriver(BrowserFabric.java:57)
at lesson11_Selenium_BrowserFabric.enums.BrowserFabric.getWebdriver(BrowserFabric.java:26)
at lesson9_10_Selenium_PageObjectTests2_BaseTest.BaseTest.startUp(BaseTest.java:35)
at java.base/jdk.internal.reflect.NativeMethodAccessorImpl.invoke0(Native Method)
at java.base/jdk.internal.reflect.NativeMethodAccessorImpl.invoke(NativeMethodAccessorImpl.java:62)
at java.base/jdk.internal.reflect.DelegatingMethodAccessorImpl.invoke(DelegatingMethodAccessorImpl.java:43)
at java.base/java.lang.reflect.Method.invoke(Method.java:564)
at org.testng.internal.MethodInvocationHelper.invokeMethod(MethodInvocationHelper.java:133)
at org.testng.internal.MethodInvocationHelper.invokeMethodConsideringTimeout(MethodInvocationHelper.java:62)
at org.testng.internal.ConfigInvoker.invokeConfigurationMethod(ConfigInvoker.java:385)
at org.testng.internal.ConfigInvoker.invokeConfigurations(ConfigInvoker.java:321)
at org.testng.internal.TestInvoker.runConfigMethods(TestInvoker.java:700)
at org.testng.internal.TestInvoker.invokeMethod(TestInvoker.java:527)
at org.testng.internal.TestInvoker.invokeTestMethod(TestInvoker.java:173)
at org.testng.internal.MethodRunner.runInSequence(MethodRunner.java:46)
at org.testng.internal.TestInvoker$MethodInvocationAgent.invoke(TestInvoker.java:824)
at org.testng.internal.TestInvoker.invokeTestMethods(TestInvoker.java:146)
at org.testng.internal.TestMethodWorker.invokeTestMethods(TestMethodWorker.java:146)
at org.testng.internal.TestMethodWorker.run(TestMethodWorker.java:128)
at java.base/java.util.concurrent.ThreadPoolExecutor.runWorker(ThreadPoolExecutor.java:1130)
at java.base/java.util.concurrent.ThreadPoolExecutor$Worker.run(ThreadPoolExecutor.java:630)
at java.base/java.lang.Thread.run(Thread.java:832)
]]>
            </full-stacktrace>
          </exception> <!-- org.openqa.selenium.SessionNotCreatedException -->
          <reporter-output>
          </reporter-output>
        </test-method> <!-- loginTest_correctCredentials1 -->
        <test-method is-config="true" signature="tearDown(org.testng.ITestResult)[pri:0, instance:lesson9_10_Selenium_PageObjectTests2_BaseTest.LoginTest@1e4a7dd4]" started-at="2021-09-04T16:40:58 EDT" name="tearDown" finished-at="1969-12-31T19:00:00 EST" duration-ms="-1630788058024" status="SKIP">
          <reporter-output>
          </reporter-output>
        </test-method> <!-- tearDown -->
        <test-method signature="loginTest_wrongCridentials1()[pri:0, instance:lesson9_10_Selenium_PageObjectTests2_BaseTest.LoginTest@1e4a7dd4]" started-at="2021-09-04T16:40:58 EDT" name="loginTest_wrongCridentials1" finished-at="2021-09-04T16:40:58 EDT" duration-ms="0" status="SKIP">
          <exception class="org.openqa.selenium.SessionNotCreatedException">
            <message>
              <![CDATA[session not created: This version of ChromeDriver only supports Chrome version 91
Current browser version is 93.0.4577.63 with binary path /Applications/Google Chrome.app/Contents/MacOS/Google Chrome
Build info: version: '3.141.59', revision: 'e82be7d358', time: '2018-11-14T08:17:03'
System info: host: 'MBP-Kamil', ip: 'fdcb:6e76:c610:1:8fc:ea78:43a0:41f8%en0', os.name: 'Mac OS X', os.arch: 'x86_64', os.version: '10.16', java.version: '14.0.2'
Driver info: driver.version: ChromeDriver
remote stacktrace: 0   chromedriver                        0x000000010d22b649 chromedriver + 2741833
1   chromedriver                        0x000000010d8e1fb3 chromedriver + 9781171
2   chromedriver                        0x000000010cfb8308 chromedriver + 172808
3   chromedriver                        0x000000010cfddcc1 chromedriver + 326849
4   chromedriver                        0x000000010cfd9983 chromedriver + 309635
5   chromedriver                        0x000000010cfd6016 chromedriver + 294934
6   chromedriver                        0x000000010d00e4c0 chromedriver + 525504
7   chromedriver                        0x000000010d009363 chromedriver + 504675
8   chromedriver                        0x000000010cfdfef1 chromedriver + 335601
9   chromedriver                        0x000000010cfe1125 chromedriver + 340261
10  chromedriver                        0x000000010d1f275c chromedriver + 2508636
11  chromedriver                        0x000000010d205686 chromedriver + 2586246
12  chromedriver                        0x000000010d1d7b51 chromedriver + 2399057
13  chromedriver                        0x000000010d206a5f chromedriver + 2591327
14  chromedriver                        0x000000010d1e86ec chromedriver + 2467564
15  chromedriver                        0x000000010d2202d8 chromedriver + 2695896
16  chromedriver                        0x000000010d22046b chromedriver + 2696299
17  chromedriver                        0x000000010d230558 chromedriver + 2762072
18  libsystem_pthread.dylib             0x00007fff204128fc _pthread_start + 224
19  libsystem_pthread.dylib             0x00007fff2040e443 thread_start + 15
]]>
            </message>
            <full-stacktrace>
              <![CDATA[org.openqa.selenium.SessionNotCreatedException: session not created: This version of ChromeDriver only supports Chrome version 91
Current browser version is 93.0.4577.63 with binary path /Applications/Google Chrome.app/Contents/MacOS/Google Chrome
Build info: version: '3.141.59', revision: 'e82be7d358', time: '2018-11-14T08:17:03'
System info: host: 'MBP-Kamil', ip: 'fdcb:6e76:c610:1:8fc:ea78:43a0:41f8%en0', os.name: 'Mac OS X', os.arch: 'x86_64', os.version: '10.16', java.version: '14.0.2'
Driver info: driver.version: ChromeDriver
remote stacktrace: 0   chromedriver                        0x000000010d22b649 chromedriver + 2741833
1   chromedriver                        0x000000010d8e1fb3 chromedriver + 9781171
2   chromedriver                        0x000000010cfb8308 chromedriver + 172808
3   chromedriver                        0x000000010cfddcc1 chromedriver + 326849
4   chromedriver                        0x000000010cfd9983 chromedriver + 309635
5   chromedriver                        0x000000010cfd6016 chromedriver + 294934
6   chromedriver                        0x000000010d00e4c0 chromedriver + 525504
7   chromedriver                        0x000000010d009363 chromedriver + 504675
8   chromedriver                        0x000000010cfdfef1 chromedriver + 335601
9   chromedriver                        0x000000010cfe1125 chromedriver + 340261
10  chromedriver                        0x000000010d1f275c chromedriver + 2508636
11  chromedriver                        0x000000010d205686 chromedriver + 2586246
12  chromedriver                        0x000000010d1d7b51 chromedriver + 2399057
13  chromedriver                        0x000000010d206a5f chromedriver + 2591327
14  chromedriver                        0x000000010d1e86ec chromedriver + 2467564
15  chromedriver                        0x000000010d2202d8 chromedriver + 2695896
16  chromedriver                        0x000000010d22046b chromedriver + 2696299
17  chromedriver                        0x000000010d230558 chromedriver + 2762072
18  libsystem_pthread.dylib             0x00007fff204128fc _pthread_start + 224
19  libsystem_pthread.dylib             0x00007fff2040e443 thread_start + 15

at java.base/jdk.internal.reflect.NativeConstructorAccessorImpl.newInstance0(Native Method)
at java.base/jdk.internal.reflect.NativeConstructorAccessorImpl.newInstance(NativeConstructorAccessorImpl.java:62)
at java.base/jdk.internal.reflect.DelegatingConstructorAccessorImpl.newInstance(DelegatingConstructorAccessorImpl.java:45)
at java.base/java.lang.reflect.Constructor.newInstanceWithCaller(Constructor.java:500)
at java.base/java.lang.reflect.Constructor.newInstance(Constructor.java:481)
at org.openqa.selenium.remote.W3CHandshakeResponse.lambda$errorHandler$0(W3CHandshakeResponse.java:62)
at org.openqa.selenium.remote.HandshakeResponse.lambda$getResponseFunction$0(HandshakeResponse.java:30)
at org.openqa.selenium.remote.ProtocolHandshake.lambda$createSession$0(ProtocolHandshake.java:126)
at java.base/java.util.stream.ReferencePipeline$3$1.accept(ReferencePipeline.java:195)
at java.base/java.util.Spliterators$ArraySpliterator.tryAdvance(Spliterators.java:958)
at java.base/java.util.stream.ReferencePipeline.forEachWithCancel(ReferencePipeline.java:127)
at java.base/java.util.stream.AbstractPipeline.copyIntoWithCancel(AbstractPipeline.java:502)
at java.base/java.util.stream.AbstractPipeline.copyInto(AbstractPipeline.java:488)
at java.base/java.util.stream.AbstractPipeline.wrapAndCopyInto(AbstractPipeline.java:474)
at java.base/java.util.stream.FindOps$FindOp.evaluateSequential(FindOps.java:150)
at java.base/java.util.stream.AbstractPipeline.evaluate(AbstractPipeline.java:234)
at java.base/java.util.stream.ReferencePipeline.findFirst(ReferencePipeline.java:543)
at org.openqa.selenium.remote.ProtocolHandshake.createSession(ProtocolHandshake.java:128)
at org.openqa.selenium.remote.ProtocolHandshake.createSession(ProtocolHandshake.java:74)
at org.openqa.selenium.remote.HttpCommandExecutor.execute(HttpCommandExecutor.java:136)
at org.openqa.selenium.remote.service.DriverCommandExecutor.execute(DriverCommandExecutor.java:83)
at org.openqa.selenium.remote.RemoteWebDriver.execute(RemoteWebDriver.java:552)
at org.openqa.selenium.remote.RemoteWebDriver.startSession(RemoteWebDriver.java:213)
at org.openqa.selenium.remote.RemoteWebDriver.<init>(RemoteWebDriver.java:131)
at org.openqa.selenium.chrome.ChromeDriver.<init>(ChromeDriver.java:181)
at org.openqa.selenium.chrome.ChromeDriver.<init>(ChromeDriver.java:168)
at org.openqa.selenium.chrome.ChromeDriver.<init>(ChromeDriver.java:157)
at lesson11_Selenium_BrowserFabric.enums.BrowserFabric.getChromeDriver(BrowserFabric.java:57)
at lesson11_Selenium_BrowserFabric.enums.BrowserFabric.getWebdriver(BrowserFabric.java:26)
at lesson9_10_Selenium_PageObjectTests2_BaseTest.BaseTest.startUp(BaseTest.java:35)
at java.base/jdk.internal.reflect.NativeMethodAccessorImpl.invoke0(Native Method)
at java.base/jdk.internal.reflect.NativeMethodAccessorImpl.invoke(NativeMethodAccessorImpl.java:62)
at java.base/jdk.internal.reflect.DelegatingMethodAccessorImpl.invoke(DelegatingMethodAccessorImpl.java:43)
at java.base/java.lang.reflect.Method.invoke(Method.java:564)
at org.testng.internal.MethodInvocationHelper.invokeMethod(MethodInvocationHelper.java:133)
at org.testng.internal.MethodInvocationHelper.invokeMethodConsideringTimeout(MethodInvocationHelper.java:62)
at org.testng.internal.ConfigInvoker.invokeConfigurationMethod(ConfigInvoker.java:385)
at org.testng.internal.ConfigInvoker.invokeConfigurations(ConfigInvoker.java:321)
at org.testng.internal.TestInvoker.runConfigMethods(TestInvoker.java:700)
at org.testng.internal.TestInvoker.invokeMethod(TestInvoker.java:527)
at org.testng.internal.TestInvoker.invokeTestMethod(TestInvoker.java:173)
at org.testng.internal.MethodRunner.runInSequence(MethodRunner.java:46)
at org.testng.internal.TestInvoker$MethodInvocationAgent.invoke(TestInvoker.java:824)
at org.testng.internal.TestInvoker.invokeTestMethods(TestInvoker.java:146)
at org.testng.internal.TestMethodWorker.invokeTestMethods(TestMethodWorker.java:146)
at org.testng.internal.TestMethodWorker.run(TestMethodWorker.java:128)
at java.base/java.util.concurrent.ThreadPoolExecutor.runWorker(ThreadPoolExecutor.java:1130)
at java.base/java.util.concurrent.ThreadPoolExecutor$Worker.run(ThreadPoolExecutor.java:630)
at java.base/java.lang.Thread.run(Thread.java:832)
]]>
            </full-stacktrace>
          </exception> <!-- org.openqa.selenium.SessionNotCreatedException -->
          <reporter-output>
          </reporter-output>
        </test-method> <!-- loginTest_wrongCridentials1 -->
        <test-method is-config="true" signature="tearDown(org.testng.ITestResult)[pri:0, instance:lesson9_10_Selenium_PageObjectTests2_BaseTest.LoginTest@1e4a7dd4]" started-at="2021-09-04T16:40:58 EDT" name="tearDown" finished-at="1969-12-31T19:00:00 EST" duration-ms="-1630788058025" status="SKIP">
          <reporter-output>
          </reporter-output>
        </test-method> <!-- tearDown -->
        <test-method is-config="true" signature="startUp(java.lang.String,java.lang.String,java.lang.String)[pri:0, instance:lesson9_10_Selenium_PageObjectTests2_BaseTest.LoginTest@1e4a7dd4]" started-at="2021-09-04T16:40:58 EDT" name="startUp" finished-at="1969-12-31T19:00:00 EST" duration-ms="-1630788058025" status="SKIP">
          <reporter-output>
          </reporter-output>
        </test-method> <!-- startUp -->
        <test-method is-config="true" signature="startUp(java.lang.String,java.lang.String,java.lang.String)[pri:0, instance:lesson9_10_Selenium_PageObjectTests2_BaseTest.LoginTest@1e4a7dd4]" started-at="2021-09-04T16:40:58 EDT" name="startUp" finished-at="1969-12-31T19:00:00 EST" duration-ms="-1630788058026" status="SKIP">
          <reporter-output>
          </reporter-output>
        </test-method> <!-- startUp -->
        <test-method is-config="true" signature="startUp(java.lang.String,java.lang.String,java.lang.String)[pri:0, instance:lesson9_10_Selenium_PageObjectTests2_BaseTest.LoginTest@1e4a7dd4]" started-at="2021-09-04T16:40:58 EDT" name="startUp" finished-at="1969-12-31T19:00:00 EST" duration-ms="-1630788058026" status="SKIP">
          <reporter-output>
          </reporter-output>
        </test-method> <!-- startUp -->
        <test-method is-config="true" signature="tearDown(org.testng.ITestResult)[pri:0, instance:lesson9_10_Selenium_PageObjectTests2_BaseTest.LoginTest@1e4a7dd4]" started-at="2021-09-04T16:40:58 EDT" name="tearDown" finished-at="1969-12-31T19:00:00 EST" duration-ms="-1630788058026" status="SKIP">
          <reporter-output>
          </reporter-output>
        </test-method> <!-- tearDown -->
        <test-method signature="loginTest_correctCredentials2()[pri:0, instance:lesson9_10_Selenium_PageObjectTests2_BaseTest.LoginTest@1e4a7dd4]" started-at="2021-09-04T16:40:58 EDT" name="loginTest_correctCredentials2" finished-at="2021-09-04T16:40:58 EDT" duration-ms="0" status="SKIP">
          <exception class="org.openqa.selenium.SessionNotCreatedException">
            <message>
              <![CDATA[session not created: This version of ChromeDriver only supports Chrome version 91
Current browser version is 93.0.4577.63 with binary path /Applications/Google Chrome.app/Contents/MacOS/Google Chrome
Build info: version: '3.141.59', revision: 'e82be7d358', time: '2018-11-14T08:17:03'
System info: host: 'MBP-Kamil', ip: 'fdcb:6e76:c610:1:8fc:ea78:43a0:41f8%en0', os.name: 'Mac OS X', os.arch: 'x86_64', os.version: '10.16', java.version: '14.0.2'
Driver info: driver.version: ChromeDriver
remote stacktrace: 0   chromedriver                        0x000000010d22b649 chromedriver + 2741833
1   chromedriver                        0x000000010d8e1fb3 chromedriver + 9781171
2   chromedriver                        0x000000010cfb8308 chromedriver + 172808
3   chromedriver                        0x000000010cfddcc1 chromedriver + 326849
4   chromedriver                        0x000000010cfd9983 chromedriver + 309635
5   chromedriver                        0x000000010cfd6016 chromedriver + 294934
6   chromedriver                        0x000000010d00e4c0 chromedriver + 525504
7   chromedriver                        0x000000010d009363 chromedriver + 504675
8   chromedriver                        0x000000010cfdfef1 chromedriver + 335601
9   chromedriver                        0x000000010cfe1125 chromedriver + 340261
10  chromedriver                        0x000000010d1f275c chromedriver + 2508636
11  chromedriver                        0x000000010d205686 chromedriver + 2586246
12  chromedriver                        0x000000010d1d7b51 chromedriver + 2399057
13  chromedriver                        0x000000010d206a5f chromedriver + 2591327
14  chromedriver                        0x000000010d1e86ec chromedriver + 2467564
15  chromedriver                        0x000000010d2202d8 chromedriver + 2695896
16  chromedriver                        0x000000010d22046b chromedriver + 2696299
17  chromedriver                        0x000000010d230558 chromedriver + 2762072
18  libsystem_pthread.dylib             0x00007fff204128fc _pthread_start + 224
19  libsystem_pthread.dylib             0x00007fff2040e443 thread_start + 15
]]>
            </message>
            <full-stacktrace>
              <![CDATA[org.openqa.selenium.SessionNotCreatedException: session not created: This version of ChromeDriver only supports Chrome version 91
Current browser version is 93.0.4577.63 with binary path /Applications/Google Chrome.app/Contents/MacOS/Google Chrome
Build info: version: '3.141.59', revision: 'e82be7d358', time: '2018-11-14T08:17:03'
System info: host: 'MBP-Kamil', ip: 'fdcb:6e76:c610:1:8fc:ea78:43a0:41f8%en0', os.name: 'Mac OS X', os.arch: 'x86_64', os.version: '10.16', java.version: '14.0.2'
Driver info: driver.version: ChromeDriver
remote stacktrace: 0   chromedriver                        0x000000010d22b649 chromedriver + 2741833
1   chromedriver                        0x000000010d8e1fb3 chromedriver + 9781171
2   chromedriver                        0x000000010cfb8308 chromedriver + 172808
3   chromedriver                        0x000000010cfddcc1 chromedriver + 326849
4   chromedriver                        0x000000010cfd9983 chromedriver + 309635
5   chromedriver                        0x000000010cfd6016 chromedriver + 294934
6   chromedriver                        0x000000010d00e4c0 chromedriver + 525504
7   chromedriver                        0x000000010d009363 chromedriver + 504675
8   chromedriver                        0x000000010cfdfef1 chromedriver + 335601
9   chromedriver                        0x000000010cfe1125 chromedriver + 340261
10  chromedriver                        0x000000010d1f275c chromedriver + 2508636
11  chromedriver                        0x000000010d205686 chromedriver + 2586246
12  chromedriver                        0x000000010d1d7b51 chromedriver + 2399057
13  chromedriver                        0x000000010d206a5f chromedriver + 2591327
14  chromedriver                        0x000000010d1e86ec chromedriver + 2467564
15  chromedriver                        0x000000010d2202d8 chromedriver + 2695896
16  chromedriver                        0x000000010d22046b chromedriver + 2696299
17  chromedriver                        0x000000010d230558 chromedriver + 2762072
18  libsystem_pthread.dylib             0x00007fff204128fc _pthread_start + 224
19  libsystem_pthread.dylib             0x00007fff2040e443 thread_start + 15

at java.base/jdk.internal.reflect.NativeConstructorAccessorImpl.newInstance0(Native Method)
at java.base/jdk.internal.reflect.NativeConstructorAccessorImpl.newInstance(NativeConstructorAccessorImpl.java:62)
at java.base/jdk.internal.reflect.DelegatingConstructorAccessorImpl.newInstance(DelegatingConstructorAccessorImpl.java:45)
at java.base/java.lang.reflect.Constructor.newInstanceWithCaller(Constructor.java:500)
at java.base/java.lang.reflect.Constructor.newInstance(Constructor.java:481)
at org.openqa.selenium.remote.W3CHandshakeResponse.lambda$errorHandler$0(W3CHandshakeResponse.java:62)
at org.openqa.selenium.remote.HandshakeResponse.lambda$getResponseFunction$0(HandshakeResponse.java:30)
at org.openqa.selenium.remote.ProtocolHandshake.lambda$createSession$0(ProtocolHandshake.java:126)
at java.base/java.util.stream.ReferencePipeline$3$1.accept(ReferencePipeline.java:195)
at java.base/java.util.Spliterators$ArraySpliterator.tryAdvance(Spliterators.java:958)
at java.base/java.util.stream.ReferencePipeline.forEachWithCancel(ReferencePipeline.java:127)
at java.base/java.util.stream.AbstractPipeline.copyIntoWithCancel(AbstractPipeline.java:502)
at java.base/java.util.stream.AbstractPipeline.copyInto(AbstractPipeline.java:488)
at java.base/java.util.stream.AbstractPipeline.wrapAndCopyInto(AbstractPipeline.java:474)
at java.base/java.util.stream.FindOps$FindOp.evaluateSequential(FindOps.java:150)
at java.base/java.util.stream.AbstractPipeline.evaluate(AbstractPipeline.java:234)
at java.base/java.util.stream.ReferencePipeline.findFirst(ReferencePipeline.java:543)
at org.openqa.selenium.remote.ProtocolHandshake.createSession(ProtocolHandshake.java:128)
at org.openqa.selenium.remote.ProtocolHandshake.createSession(ProtocolHandshake.java:74)
at org.openqa.selenium.remote.HttpCommandExecutor.execute(HttpCommandExecutor.java:136)
at org.openqa.selenium.remote.service.DriverCommandExecutor.execute(DriverCommandExecutor.java:83)
at org.openqa.selenium.remote.RemoteWebDriver.execute(RemoteWebDriver.java:552)
at org.openqa.selenium.remote.RemoteWebDriver.startSession(RemoteWebDriver.java:213)
at org.openqa.selenium.remote.RemoteWebDriver.<init>(RemoteWebDriver.java:131)
at org.openqa.selenium.chrome.ChromeDriver.<init>(ChromeDriver.java:181)
at org.openqa.selenium.chrome.ChromeDriver.<init>(ChromeDriver.java:168)
at org.openqa.selenium.chrome.ChromeDriver.<init>(ChromeDriver.java:157)
at lesson11_Selenium_BrowserFabric.enums.BrowserFabric.getChromeDriver(BrowserFabric.java:57)
at lesson11_Selenium_BrowserFabric.enums.BrowserFabric.getWebdriver(BrowserFabric.java:26)
at lesson9_10_Selenium_PageObjectTests2_BaseTest.BaseTest.startUp(BaseTest.java:35)
at java.base/jdk.internal.reflect.NativeMethodAccessorImpl.invoke0(Native Method)
at java.base/jdk.internal.reflect.NativeMethodAccessorImpl.invoke(NativeMethodAccessorImpl.java:62)
at java.base/jdk.internal.reflect.DelegatingMethodAccessorImpl.invoke(DelegatingMethodAccessorImpl.java:43)
at java.base/java.lang.reflect.Method.invoke(Method.java:564)
at org.testng.internal.MethodInvocationHelper.invokeMethod(MethodInvocationHelper.java:133)
at org.testng.internal.MethodInvocationHelper.invokeMethodConsideringTimeout(MethodInvocationHelper.java:62)
at org.testng.internal.ConfigInvoker.invokeConfigurationMethod(ConfigInvoker.java:385)
at org.testng.internal.ConfigInvoker.invokeConfigurations(ConfigInvoker.java:321)
at org.testng.internal.TestInvoker.runConfigMethods(TestInvoker.java:700)
at org.testng.internal.TestInvoker.invokeMethod(TestInvoker.java:527)
at org.testng.internal.TestInvoker.invokeTestMethod(TestInvoker.java:173)
at org.testng.internal.MethodRunner.runInSequence(MethodRunner.java:46)
at org.testng.internal.TestInvoker$MethodInvocationAgent.invoke(TestInvoker.java:824)
at org.testng.internal.TestInvoker.invokeTestMethods(TestInvoker.java:146)
at org.testng.internal.TestMethodWorker.invokeTestMethods(TestMethodWorker.java:146)
at org.testng.internal.TestMethodWorker.run(TestMethodWorker.java:128)
at java.base/java.util.concurrent.ThreadPoolExecutor.runWorker(ThreadPoolExecutor.java:1130)
at java.base/java.util.concurrent.ThreadPoolExecutor$Worker.run(ThreadPoolExecutor.java:630)
at java.base/java.lang.Thread.run(Thread.java:832)
]]>
            </full-stacktrace>
          </exception> <!-- org.openqa.selenium.SessionNotCreatedException -->
          <reporter-output>
          </reporter-output>
        </test-method> <!-- loginTest_correctCredentials2 -->
        <test-method signature="loginTest_wrongCridentials2()[pri:0, instance:lesson9_10_Selenium_PageObjectTests2_BaseTest.LoginTest@1e4a7dd4]" started-at="2021-09-04T16:40:58 EDT" name="loginTest_wrongCridentials2" finished-at="2021-09-04T16:40:58 EDT" duration-ms="0" status="SKIP">
          <exception class="org.openqa.selenium.SessionNotCreatedException">
            <message>
              <![CDATA[session not created: This version of ChromeDriver only supports Chrome version 91
Current browser version is 93.0.4577.63 with binary path /Applications/Google Chrome.app/Contents/MacOS/Google Chrome
Build info: version: '3.141.59', revision: 'e82be7d358', time: '2018-11-14T08:17:03'
System info: host: 'MBP-Kamil', ip: 'fdcb:6e76:c610:1:8fc:ea78:43a0:41f8%en0', os.name: 'Mac OS X', os.arch: 'x86_64', os.version: '10.16', java.version: '14.0.2'
Driver info: driver.version: ChromeDriver
remote stacktrace: 0   chromedriver                        0x000000010d22b649 chromedriver + 2741833
1   chromedriver                        0x000000010d8e1fb3 chromedriver + 9781171
2   chromedriver                        0x000000010cfb8308 chromedriver + 172808
3   chromedriver                        0x000000010cfddcc1 chromedriver + 326849
4   chromedriver                        0x000000010cfd9983 chromedriver + 309635
5   chromedriver                        0x000000010cfd6016 chromedriver + 294934
6   chromedriver                        0x000000010d00e4c0 chromedriver + 525504
7   chromedriver                        0x000000010d009363 chromedriver + 504675
8   chromedriver                        0x000000010cfdfef1 chromedriver + 335601
9   chromedriver                        0x000000010cfe1125 chromedriver + 340261
10  chromedriver                        0x000000010d1f275c chromedriver + 2508636
11  chromedriver                        0x000000010d205686 chromedriver + 2586246
12  chromedriver                        0x000000010d1d7b51 chromedriver + 2399057
13  chromedriver                        0x000000010d206a5f chromedriver + 2591327
14  chromedriver                        0x000000010d1e86ec chromedriver + 2467564
15  chromedriver                        0x000000010d2202d8 chromedriver + 2695896
16  chromedriver                        0x000000010d22046b chromedriver + 2696299
17  chromedriver                        0x000000010d230558 chromedriver + 2762072
18  libsystem_pthread.dylib             0x00007fff204128fc _pthread_start + 224
19  libsystem_pthread.dylib             0x00007fff2040e443 thread_start + 15
]]>
            </message>
            <full-stacktrace>
              <![CDATA[org.openqa.selenium.SessionNotCreatedException: session not created: This version of ChromeDriver only supports Chrome version 91
Current browser version is 93.0.4577.63 with binary path /Applications/Google Chrome.app/Contents/MacOS/Google Chrome
Build info: version: '3.141.59', revision: 'e82be7d358', time: '2018-11-14T08:17:03'
System info: host: 'MBP-Kamil', ip: 'fdcb:6e76:c610:1:8fc:ea78:43a0:41f8%en0', os.name: 'Mac OS X', os.arch: 'x86_64', os.version: '10.16', java.version: '14.0.2'
Driver info: driver.version: ChromeDriver
remote stacktrace: 0   chromedriver                        0x000000010d22b649 chromedriver + 2741833
1   chromedriver                        0x000000010d8e1fb3 chromedriver + 9781171
2   chromedriver                        0x000000010cfb8308 chromedriver + 172808
3   chromedriver                        0x000000010cfddcc1 chromedriver + 326849
4   chromedriver                        0x000000010cfd9983 chromedriver + 309635
5   chromedriver                        0x000000010cfd6016 chromedriver + 294934
6   chromedriver                        0x000000010d00e4c0 chromedriver + 525504
7   chromedriver                        0x000000010d009363 chromedriver + 504675
8   chromedriver                        0x000000010cfdfef1 chromedriver + 335601
9   chromedriver                        0x000000010cfe1125 chromedriver + 340261
10  chromedriver                        0x000000010d1f275c chromedriver + 2508636
11  chromedriver                        0x000000010d205686 chromedriver + 2586246
12  chromedriver                        0x000000010d1d7b51 chromedriver + 2399057
13  chromedriver                        0x000000010d206a5f chromedriver + 2591327
14  chromedriver                        0x000000010d1e86ec chromedriver + 2467564
15  chromedriver                        0x000000010d2202d8 chromedriver + 2695896
16  chromedriver                        0x000000010d22046b chromedriver + 2696299
17  chromedriver                        0x000000010d230558 chromedriver + 2762072
18  libsystem_pthread.dylib             0x00007fff204128fc _pthread_start + 224
19  libsystem_pthread.dylib             0x00007fff2040e443 thread_start + 15

at java.base/jdk.internal.reflect.NativeConstructorAccessorImpl.newInstance0(Native Method)
at java.base/jdk.internal.reflect.NativeConstructorAccessorImpl.newInstance(NativeConstructorAccessorImpl.java:62)
at java.base/jdk.internal.reflect.DelegatingConstructorAccessorImpl.newInstance(DelegatingConstructorAccessorImpl.java:45)
at java.base/java.lang.reflect.Constructor.newInstanceWithCaller(Constructor.java:500)
at java.base/java.lang.reflect.Constructor.newInstance(Constructor.java:481)
at org.openqa.selenium.remote.W3CHandshakeResponse.lambda$errorHandler$0(W3CHandshakeResponse.java:62)
at org.openqa.selenium.remote.HandshakeResponse.lambda$getResponseFunction$0(HandshakeResponse.java:30)
at org.openqa.selenium.remote.ProtocolHandshake.lambda$createSession$0(ProtocolHandshake.java:126)
at java.base/java.util.stream.ReferencePipeline$3$1.accept(ReferencePipeline.java:195)
at java.base/java.util.Spliterators$ArraySpliterator.tryAdvance(Spliterators.java:958)
at java.base/java.util.stream.ReferencePipeline.forEachWithCancel(ReferencePipeline.java:127)
at java.base/java.util.stream.AbstractPipeline.copyIntoWithCancel(AbstractPipeline.java:502)
at java.base/java.util.stream.AbstractPipeline.copyInto(AbstractPipeline.java:488)
at java.base/java.util.stream.AbstractPipeline.wrapAndCopyInto(AbstractPipeline.java:474)
at java.base/java.util.stream.FindOps$FindOp.evaluateSequential(FindOps.java:150)
at java.base/java.util.stream.AbstractPipeline.evaluate(AbstractPipeline.java:234)
at java.base/java.util.stream.ReferencePipeline.findFirst(ReferencePipeline.java:543)
at org.openqa.selenium.remote.ProtocolHandshake.createSession(ProtocolHandshake.java:128)
at org.openqa.selenium.remote.ProtocolHandshake.createSession(ProtocolHandshake.java:74)
at org.openqa.selenium.remote.HttpCommandExecutor.execute(HttpCommandExecutor.java:136)
at org.openqa.selenium.remote.service.DriverCommandExecutor.execute(DriverCommandExecutor.java:83)
at org.openqa.selenium.remote.RemoteWebDriver.execute(RemoteWebDriver.java:552)
at org.openqa.selenium.remote.RemoteWebDriver.startSession(RemoteWebDriver.java:213)
at org.openqa.selenium.remote.RemoteWebDriver.<init>(RemoteWebDriver.java:131)
at org.openqa.selenium.chrome.ChromeDriver.<init>(ChromeDriver.java:181)
at org.openqa.selenium.chrome.ChromeDriver.<init>(ChromeDriver.java:168)
at org.openqa.selenium.chrome.ChromeDriver.<init>(ChromeDriver.java:157)
at lesson11_Selenium_BrowserFabric.enums.BrowserFabric.getChromeDriver(BrowserFabric.java:57)
at lesson11_Selenium_BrowserFabric.enums.BrowserFabric.getWebdriver(BrowserFabric.java:26)
at lesson9_10_Selenium_PageObjectTests2_BaseTest.BaseTest.startUp(BaseTest.java:35)
at java.base/jdk.internal.reflect.NativeMethodAccessorImpl.invoke0(Native Method)
at java.base/jdk.internal.reflect.NativeMethodAccessorImpl.invoke(NativeMethodAccessorImpl.java:62)
at java.base/jdk.internal.reflect.DelegatingMethodAccessorImpl.invoke(DelegatingMethodAccessorImpl.java:43)
at java.base/java.lang.reflect.Method.invoke(Method.java:564)
at org.testng.internal.MethodInvocationHelper.invokeMethod(MethodInvocationHelper.java:133)
at org.testng.internal.MethodInvocationHelper.invokeMethodConsideringTimeout(MethodInvocationHelper.java:62)
at org.testng.internal.ConfigInvoker.invokeConfigurationMethod(ConfigInvoker.java:385)
at org.testng.internal.ConfigInvoker.invokeConfigurations(ConfigInvoker.java:321)
at org.testng.internal.TestInvoker.runConfigMethods(TestInvoker.java:700)
at org.testng.internal.TestInvoker.invokeMethod(TestInvoker.java:527)
at org.testng.internal.TestInvoker.invokeTestMethod(TestInvoker.java:173)
at org.testng.internal.MethodRunner.runInSequence(MethodRunner.java:46)
at org.testng.internal.TestInvoker$MethodInvocationAgent.invoke(TestInvoker.java:824)
at org.testng.internal.TestInvoker.invokeTestMethods(TestInvoker.java:146)
at org.testng.internal.TestMethodWorker.invokeTestMethods(TestMethodWorker.java:146)
at org.testng.internal.TestMethodWorker.run(TestMethodWorker.java:128)
at java.base/java.util.concurrent.ThreadPoolExecutor.runWorker(ThreadPoolExecutor.java:1130)
at java.base/java.util.concurrent.ThreadPoolExecutor$Worker.run(ThreadPoolExecutor.java:630)
at java.base/java.lang.Thread.run(Thread.java:832)
]]>
            </full-stacktrace>
          </exception> <!-- org.openqa.selenium.SessionNotCreatedException -->
          <reporter-output>
          </reporter-output>
        </test-method> <!-- loginTest_wrongCridentials2 -->
        <test-method is-config="true" signature="tearDown(org.testng.ITestResult)[pri:0, instance:lesson9_10_Selenium_PageObjectTests2_BaseTest.LoginTest@1e4a7dd4]" started-at="2021-09-04T16:40:58 EDT" name="tearDown" finished-at="1969-12-31T19:00:00 EST" duration-ms="-1630788058027" status="SKIP">
          <reporter-output>
          </reporter-output>
        </test-method> <!-- tearDown -->
      </class> <!-- lesson9_10_Selenium_PageObjectTests2_BaseTest.LoginTest -->
      <class name="lesson9_10_Selenium_PageObjectTests2_BaseTest.PlaylistTest">
        <test-method is-config="true" signature="startUp(java.lang.String,java.lang.String,java.lang.String)[pri:0, instance:lesson9_10_Selenium_PageObjectTests2_BaseTest.PlaylistTest@32a068d1]" started-at="2021-09-04T16:40:56 EDT" name="startUp" finished-at="2021-09-04T16:40:57 EDT" duration-ms="1217" status="FAIL">
          <params>
            <param index="0">
              <value>
                <![CDATA[koeluser06@testpro.io]]>
              </value>
            </param>
            <param index="1">
              <value>
                <![CDATA[te$t$tudent]]>
              </value>
            </param>
            <param index="2">
              <value>
                <![CDATA[te$t$tudent1]]>
              </value>
            </param>
          </params>
          <exception class="org.openqa.selenium.SessionNotCreatedException">
            <message>
              <![CDATA[session not created: This version of ChromeDriver only supports Chrome version 91
Current browser version is 93.0.4577.63 with binary path /Applications/Google Chrome.app/Contents/MacOS/Google Chrome
Build info: version: '3.141.59', revision: 'e82be7d358', time: '2018-11-14T08:17:03'
System info: host: 'MBP-Kamil', ip: 'fdcb:6e76:c610:1:8fc:ea78:43a0:41f8%en0', os.name: 'Mac OS X', os.arch: 'x86_64', os.version: '10.16', java.version: '14.0.2'
Driver info: driver.version: ChromeDriver
remote stacktrace: 0   chromedriver                        0x00000001077fd649 chromedriver + 2741833
1   chromedriver                        0x0000000107eb3fb3 chromedriver + 9781171
2   chromedriver                        0x000000010758a308 chromedriver + 172808
3   chromedriver                        0x00000001075afcc1 chromedriver + 326849
4   chromedriver                        0x00000001075ab983 chromedriver + 309635
5   chromedriver                        0x00000001075a8016 chromedriver + 294934
6   chromedriver                        0x00000001075e04c0 chromedriver + 525504
7   chromedriver                        0x00000001075db363 chromedriver + 504675
8   chromedriver                        0x00000001075b1ef1 chromedriver + 335601
9   chromedriver                        0x00000001075b3125 chromedriver + 340261
10  chromedriver                        0x00000001077c475c chromedriver + 2508636
11  chromedriver                        0x00000001077d7686 chromedriver + 2586246
12  chromedriver                        0x00000001077a9b51 chromedriver + 2399057
13  chromedriver                        0x00000001077d8a5f chromedriver + 2591327
14  chromedriver                        0x00000001077ba6ec chromedriver + 2467564
15  chromedriver                        0x00000001077f22d8 chromedriver + 2695896
16  chromedriver                        0x00000001077f246b chromedriver + 2696299
17  chromedriver                        0x0000000107802558 chromedriver + 2762072
18  libsystem_pthread.dylib             0x00007fff204128fc _pthread_start + 224
19  libsystem_pthread.dylib             0x00007fff2040e443 thread_start + 15
]]>
            </message>
            <full-stacktrace>
              <![CDATA[org.openqa.selenium.SessionNotCreatedException: session not created: This version of ChromeDriver only supports Chrome version 91
Current browser version is 93.0.4577.63 with binary path /Applications/Google Chrome.app/Contents/MacOS/Google Chrome
Build info: version: '3.141.59', revision: 'e82be7d358', time: '2018-11-14T08:17:03'
System info: host: 'MBP-Kamil', ip: 'fdcb:6e76:c610:1:8fc:ea78:43a0:41f8%en0', os.name: 'Mac OS X', os.arch: 'x86_64', os.version: '10.16', java.version: '14.0.2'
Driver info: driver.version: ChromeDriver
remote stacktrace: 0   chromedriver                        0x00000001077fd649 chromedriver + 2741833
1   chromedriver                        0x0000000107eb3fb3 chromedriver + 9781171
2   chromedriver                        0x000000010758a308 chromedriver + 172808
3   chromedriver                        0x00000001075afcc1 chromedriver + 326849
4   chromedriver                        0x00000001075ab983 chromedriver + 309635
5   chromedriver                        0x00000001075a8016 chromedriver + 294934
6   chromedriver                        0x00000001075e04c0 chromedriver + 525504
7   chromedriver                        0x00000001075db363 chromedriver + 504675
8   chromedriver                        0x00000001075b1ef1 chromedriver + 335601
9   chromedriver                        0x00000001075b3125 chromedriver + 340261
10  chromedriver                        0x00000001077c475c chromedriver + 2508636
11  chromedriver                        0x00000001077d7686 chromedriver + 2586246
12  chromedriver                        0x00000001077a9b51 chromedriver + 2399057
13  chromedriver                        0x00000001077d8a5f chromedriver + 2591327
14  chromedriver                        0x00000001077ba6ec chromedriver + 2467564
15  chromedriver                        0x00000001077f22d8 chromedriver + 2695896
16  chromedriver                        0x00000001077f246b chromedriver + 2696299
17  chromedriver                        0x0000000107802558 chromedriver + 2762072
18  libsystem_pthread.dylib             0x00007fff204128fc _pthread_start + 224
19  libsystem_pthread.dylib             0x00007fff2040e443 thread_start + 15

at java.base/jdk.internal.reflect.NativeConstructorAccessorImpl.newInstance0(Native Method)
at java.base/jdk.internal.reflect.NativeConstructorAccessorImpl.newInstance(NativeConstructorAccessorImpl.java:62)
at java.base/jdk.internal.reflect.DelegatingConstructorAccessorImpl.newInstance(DelegatingConstructorAccessorImpl.java:45)
at java.base/java.lang.reflect.Constructor.newInstanceWithCaller(Constructor.java:500)
at java.base/java.lang.reflect.Constructor.newInstance(Constructor.java:481)
at org.openqa.selenium.remote.W3CHandshakeResponse.lambda$errorHandler$0(W3CHandshakeResponse.java:62)
at org.openqa.selenium.remote.HandshakeResponse.lambda$getResponseFunction$0(HandshakeResponse.java:30)
at org.openqa.selenium.remote.ProtocolHandshake.lambda$createSession$0(ProtocolHandshake.java:126)
at java.base/java.util.stream.ReferencePipeline$3$1.accept(ReferencePipeline.java:195)
at java.base/java.util.Spliterators$ArraySpliterator.tryAdvance(Spliterators.java:958)
at java.base/java.util.stream.ReferencePipeline.forEachWithCancel(ReferencePipeline.java:127)
at java.base/java.util.stream.AbstractPipeline.copyIntoWithCancel(AbstractPipeline.java:502)
at java.base/java.util.stream.AbstractPipeline.copyInto(AbstractPipeline.java:488)
at java.base/java.util.stream.AbstractPipeline.wrapAndCopyInto(AbstractPipeline.java:474)
at java.base/java.util.stream.FindOps$FindOp.evaluateSequential(FindOps.java:150)
at java.base/java.util.stream.AbstractPipeline.evaluate(AbstractPipeline.java:234)
at java.base/java.util.stream.ReferencePipeline.findFirst(ReferencePipeline.java:543)
at org.openqa.selenium.remote.ProtocolHandshake.createSession(ProtocolHandshake.java:128)
at org.openqa.selenium.remote.ProtocolHandshake.createSession(ProtocolHandshake.java:74)
at org.openqa.selenium.remote.HttpCommandExecutor.execute(HttpCommandExecutor.java:136)
at org.openqa.selenium.remote.service.DriverCommandExecutor.execute(DriverCommandExecutor.java:83)
at org.openqa.selenium.remote.RemoteWebDriver.execute(RemoteWebDriver.java:552)
at org.openqa.selenium.remote.RemoteWebDriver.startSession(RemoteWebDriver.java:213)
at org.openqa.selenium.remote.RemoteWebDriver.<init>(RemoteWebDriver.java:131)
at org.openqa.selenium.chrome.ChromeDriver.<init>(ChromeDriver.java:181)
at org.openqa.selenium.chrome.ChromeDriver.<init>(ChromeDriver.java:168)
at org.openqa.selenium.chrome.ChromeDriver.<init>(ChromeDriver.java:157)
at lesson11_Selenium_BrowserFabric.enums.BrowserFabric.getChromeDriver(BrowserFabric.java:57)
at lesson11_Selenium_BrowserFabric.enums.BrowserFabric.getWebdriver(BrowserFabric.java:26)
at lesson9_10_Selenium_PageObjectTests2_BaseTest.BaseTest.startUp(BaseTest.java:35)
at java.base/jdk.internal.reflect.NativeMethodAccessorImpl.invoke0(Native Method)
at java.base/jdk.internal.reflect.NativeMethodAccessorImpl.invoke(NativeMethodAccessorImpl.java:62)
at java.base/jdk.internal.reflect.DelegatingMethodAccessorImpl.invoke(DelegatingMethodAccessorImpl.java:43)
at java.base/java.lang.reflect.Method.invoke(Method.java:564)
at org.testng.internal.MethodInvocationHelper.invokeMethod(MethodInvocationHelper.java:133)
at org.testng.internal.MethodInvocationHelper.invokeMethodConsideringTimeout(MethodInvocationHelper.java:62)
at org.testng.internal.ConfigInvoker.invokeConfigurationMethod(ConfigInvoker.java:385)
at org.testng.internal.ConfigInvoker.invokeConfigurations(ConfigInvoker.java:321)
at org.testng.internal.TestInvoker.runConfigMethods(TestInvoker.java:700)
at org.testng.internal.TestInvoker.invokeMethod(TestInvoker.java:527)
at org.testng.internal.TestInvoker.invokeTestMethod(TestInvoker.java:173)
at org.testng.internal.MethodRunner.runInSequence(MethodRunner.java:46)
at org.testng.internal.TestInvoker$MethodInvocationAgent.invoke(TestInvoker.java:824)
at org.testng.internal.TestInvoker.invokeTestMethods(TestInvoker.java:146)
at org.testng.internal.TestMethodWorker.invokeTestMethods(TestMethodWorker.java:146)
at org.testng.internal.TestMethodWorker.run(TestMethodWorker.java:128)
at java.base/java.util.concurrent.ThreadPoolExecutor.runWorker(ThreadPoolExecutor.java:1130)
at java.base/java.util.concurrent.ThreadPoolExecutor$Worker.run(ThreadPoolExecutor.java:630)
at java.base/java.lang.Thread.run(Thread.java:832)
]]>
            </full-stacktrace>
          </exception> <!-- org.openqa.selenium.SessionNotCreatedException -->
          <reporter-output>
          </reporter-output>
        </test-method> <!-- startUp -->
        <test-method signature="playlistTest_createPlayList_playlistCreated()[pri:0, instance:lesson9_10_Selenium_PageObjectTests2_BaseTest.PlaylistTest@32a068d1]" started-at="2021-09-04T16:40:57 EDT" name="playlistTest_createPlayList_playlistCreated" finished-at="2021-09-04T16:40:57 EDT" duration-ms="0" status="SKIP">
          <exception class="org.openqa.selenium.SessionNotCreatedException">
            <message>
              <![CDATA[session not created: This version of ChromeDriver only supports Chrome version 91
Current browser version is 93.0.4577.63 with binary path /Applications/Google Chrome.app/Contents/MacOS/Google Chrome
Build info: version: '3.141.59', revision: 'e82be7d358', time: '2018-11-14T08:17:03'
System info: host: 'MBP-Kamil', ip: 'fdcb:6e76:c610:1:8fc:ea78:43a0:41f8%en0', os.name: 'Mac OS X', os.arch: 'x86_64', os.version: '10.16', java.version: '14.0.2'
Driver info: driver.version: ChromeDriver
remote stacktrace: 0   chromedriver                        0x00000001077fd649 chromedriver + 2741833
1   chromedriver                        0x0000000107eb3fb3 chromedriver + 9781171
2   chromedriver                        0x000000010758a308 chromedriver + 172808
3   chromedriver                        0x00000001075afcc1 chromedriver + 326849
4   chromedriver                        0x00000001075ab983 chromedriver + 309635
5   chromedriver                        0x00000001075a8016 chromedriver + 294934
6   chromedriver                        0x00000001075e04c0 chromedriver + 525504
7   chromedriver                        0x00000001075db363 chromedriver + 504675
8   chromedriver                        0x00000001075b1ef1 chromedriver + 335601
9   chromedriver                        0x00000001075b3125 chromedriver + 340261
10  chromedriver                        0x00000001077c475c chromedriver + 2508636
11  chromedriver                        0x00000001077d7686 chromedriver + 2586246
12  chromedriver                        0x00000001077a9b51 chromedriver + 2399057
13  chromedriver                        0x00000001077d8a5f chromedriver + 2591327
14  chromedriver                        0x00000001077ba6ec chromedriver + 2467564
15  chromedriver                        0x00000001077f22d8 chromedriver + 2695896
16  chromedriver                        0x00000001077f246b chromedriver + 2696299
17  chromedriver                        0x0000000107802558 chromedriver + 2762072
18  libsystem_pthread.dylib             0x00007fff204128fc _pthread_start + 224
19  libsystem_pthread.dylib             0x00007fff2040e443 thread_start + 15
]]>
            </message>
            <full-stacktrace>
              <![CDATA[org.openqa.selenium.SessionNotCreatedException: session not created: This version of ChromeDriver only supports Chrome version 91
Current browser version is 93.0.4577.63 with binary path /Applications/Google Chrome.app/Contents/MacOS/Google Chrome
Build info: version: '3.141.59', revision: 'e82be7d358', time: '2018-11-14T08:17:03'
System info: host: 'MBP-Kamil', ip: 'fdcb:6e76:c610:1:8fc:ea78:43a0:41f8%en0', os.name: 'Mac OS X', os.arch: 'x86_64', os.version: '10.16', java.version: '14.0.2'
Driver info: driver.version: ChromeDriver
remote stacktrace: 0   chromedriver                        0x00000001077fd649 chromedriver + 2741833
1   chromedriver                        0x0000000107eb3fb3 chromedriver + 9781171
2   chromedriver                        0x000000010758a308 chromedriver + 172808
3   chromedriver                        0x00000001075afcc1 chromedriver + 326849
4   chromedriver                        0x00000001075ab983 chromedriver + 309635
5   chromedriver                        0x00000001075a8016 chromedriver + 294934
6   chromedriver                        0x00000001075e04c0 chromedriver + 525504
7   chromedriver                        0x00000001075db363 chromedriver + 504675
8   chromedriver                        0x00000001075b1ef1 chromedriver + 335601
9   chromedriver                        0x00000001075b3125 chromedriver + 340261
10  chromedriver                        0x00000001077c475c chromedriver + 2508636
11  chromedriver                        0x00000001077d7686 chromedriver + 2586246
12  chromedriver                        0x00000001077a9b51 chromedriver + 2399057
13  chromedriver                        0x00000001077d8a5f chromedriver + 2591327
14  chromedriver                        0x00000001077ba6ec chromedriver + 2467564
15  chromedriver                        0x00000001077f22d8 chromedriver + 2695896
16  chromedriver                        0x00000001077f246b chromedriver + 2696299
17  chromedriver                        0x0000000107802558 chromedriver + 2762072
18  libsystem_pthread.dylib             0x00007fff204128fc _pthread_start + 224
19  libsystem_pthread.dylib             0x00007fff2040e443 thread_start + 15

at java.base/jdk.internal.reflect.NativeConstructorAccessorImpl.newInstance0(Native Method)
at java.base/jdk.internal.reflect.NativeConstructorAccessorImpl.newInstance(NativeConstructorAccessorImpl.java:62)
at java.base/jdk.internal.reflect.DelegatingConstructorAccessorImpl.newInstance(DelegatingConstructorAccessorImpl.java:45)
at java.base/java.lang.reflect.Constructor.newInstanceWithCaller(Constructor.java:500)
at java.base/java.lang.reflect.Constructor.newInstance(Constructor.java:481)
at org.openqa.selenium.remote.W3CHandshakeResponse.lambda$errorHandler$0(W3CHandshakeResponse.java:62)
at org.openqa.selenium.remote.HandshakeResponse.lambda$getResponseFunction$0(HandshakeResponse.java:30)
at org.openqa.selenium.remote.ProtocolHandshake.lambda$createSession$0(ProtocolHandshake.java:126)
at java.base/java.util.stream.ReferencePipeline$3$1.accept(ReferencePipeline.java:195)
at java.base/java.util.Spliterators$ArraySpliterator.tryAdvance(Spliterators.java:958)
at java.base/java.util.stream.ReferencePipeline.forEachWithCancel(ReferencePipeline.java:127)
at java.base/java.util.stream.AbstractPipeline.copyIntoWithCancel(AbstractPipeline.java:502)
at java.base/java.util.stream.AbstractPipeline.copyInto(AbstractPipeline.java:488)
at java.base/java.util.stream.AbstractPipeline.wrapAndCopyInto(AbstractPipeline.java:474)
at java.base/java.util.stream.FindOps$FindOp.evaluateSequential(FindOps.java:150)
at java.base/java.util.stream.AbstractPipeline.evaluate(AbstractPipeline.java:234)
at java.base/java.util.stream.ReferencePipeline.findFirst(ReferencePipeline.java:543)
at org.openqa.selenium.remote.ProtocolHandshake.createSession(ProtocolHandshake.java:128)
at org.openqa.selenium.remote.ProtocolHandshake.createSession(ProtocolHandshake.java:74)
at org.openqa.selenium.remote.HttpCommandExecutor.execute(HttpCommandExecutor.java:136)
at org.openqa.selenium.remote.service.DriverCommandExecutor.execute(DriverCommandExecutor.java:83)
at org.openqa.selenium.remote.RemoteWebDriver.execute(RemoteWebDriver.java:552)
at org.openqa.selenium.remote.RemoteWebDriver.startSession(RemoteWebDriver.java:213)
at org.openqa.selenium.remote.RemoteWebDriver.<init>(RemoteWebDriver.java:131)
at org.openqa.selenium.chrome.ChromeDriver.<init>(ChromeDriver.java:181)
at org.openqa.selenium.chrome.ChromeDriver.<init>(ChromeDriver.java:168)
at org.openqa.selenium.chrome.ChromeDriver.<init>(ChromeDriver.java:157)
at lesson11_Selenium_BrowserFabric.enums.BrowserFabric.getChromeDriver(BrowserFabric.java:57)
at lesson11_Selenium_BrowserFabric.enums.BrowserFabric.getWebdriver(BrowserFabric.java:26)
at lesson9_10_Selenium_PageObjectTests2_BaseTest.BaseTest.startUp(BaseTest.java:35)
at java.base/jdk.internal.reflect.NativeMethodAccessorImpl.invoke0(Native Method)
at java.base/jdk.internal.reflect.NativeMethodAccessorImpl.invoke(NativeMethodAccessorImpl.java:62)
at java.base/jdk.internal.reflect.DelegatingMethodAccessorImpl.invoke(DelegatingMethodAccessorImpl.java:43)
at java.base/java.lang.reflect.Method.invoke(Method.java:564)
at org.testng.internal.MethodInvocationHelper.invokeMethod(MethodInvocationHelper.java:133)
at org.testng.internal.MethodInvocationHelper.invokeMethodConsideringTimeout(MethodInvocationHelper.java:62)
at org.testng.internal.ConfigInvoker.invokeConfigurationMethod(ConfigInvoker.java:385)
at org.testng.internal.ConfigInvoker.invokeConfigurations(ConfigInvoker.java:321)
at org.testng.internal.TestInvoker.runConfigMethods(TestInvoker.java:700)
at org.testng.internal.TestInvoker.invokeMethod(TestInvoker.java:527)
at org.testng.internal.TestInvoker.invokeTestMethod(TestInvoker.java:173)
at org.testng.internal.MethodRunner.runInSequence(MethodRunner.java:46)
at org.testng.internal.TestInvoker$MethodInvocationAgent.invoke(TestInvoker.java:824)
at org.testng.internal.TestInvoker.invokeTestMethods(TestInvoker.java:146)
at org.testng.internal.TestMethodWorker.invokeTestMethods(TestMethodWorker.java:146)
at org.testng.internal.TestMethodWorker.run(TestMethodWorker.java:128)
at java.base/java.util.concurrent.ThreadPoolExecutor.runWorker(ThreadPoolExecutor.java:1130)
at java.base/java.util.concurrent.ThreadPoolExecutor$Worker.run(ThreadPoolExecutor.java:630)
at java.base/java.lang.Thread.run(Thread.java:832)
]]>
            </full-stacktrace>
          </exception> <!-- org.openqa.selenium.SessionNotCreatedException -->
          <reporter-output>
          </reporter-output>
        </test-method> <!-- playlistTest_createPlayList_playlistCreated -->
        <test-method is-config="true" signature="tearDown(org.testng.ITestResult)[pri:0, instance:lesson9_10_Selenium_PageObjectTests2_BaseTest.PlaylistTest@32a068d1]" started-at="2021-09-04T16:40:57 EDT" name="tearDown" finished-at="1969-12-31T19:00:00 EST" duration-ms="-1630788057967" status="SKIP">
          <reporter-output>
          </reporter-output>
        </test-method> <!-- tearDown -->
        <test-method signature="playlistTest_renamePlaylist_playlistRenamed()[pri:0, instance:lesson9_10_Selenium_PageObjectTests2_BaseTest.PlaylistTest@32a068d1]" started-at="2021-09-04T16:40:57 EDT" name="playlistTest_renamePlaylist_playlistRenamed" finished-at="2021-09-04T16:40:57 EDT" duration-ms="0" status="SKIP">
          <exception class="org.openqa.selenium.SessionNotCreatedException">
            <message>
              <![CDATA[session not created: This version of ChromeDriver only supports Chrome version 91
Current browser version is 93.0.4577.63 with binary path /Applications/Google Chrome.app/Contents/MacOS/Google Chrome
Build info: version: '3.141.59', revision: 'e82be7d358', time: '2018-11-14T08:17:03'
System info: host: 'MBP-Kamil', ip: 'fdcb:6e76:c610:1:8fc:ea78:43a0:41f8%en0', os.name: 'Mac OS X', os.arch: 'x86_64', os.version: '10.16', java.version: '14.0.2'
Driver info: driver.version: ChromeDriver
remote stacktrace: 0   chromedriver                        0x00000001077fd649 chromedriver + 2741833
1   chromedriver                        0x0000000107eb3fb3 chromedriver + 9781171
2   chromedriver                        0x000000010758a308 chromedriver + 172808
3   chromedriver                        0x00000001075afcc1 chromedriver + 326849
4   chromedriver                        0x00000001075ab983 chromedriver + 309635
5   chromedriver                        0x00000001075a8016 chromedriver + 294934
6   chromedriver                        0x00000001075e04c0 chromedriver + 525504
7   chromedriver                        0x00000001075db363 chromedriver + 504675
8   chromedriver                        0x00000001075b1ef1 chromedriver + 335601
9   chromedriver                        0x00000001075b3125 chromedriver + 340261
10  chromedriver                        0x00000001077c475c chromedriver + 2508636
11  chromedriver                        0x00000001077d7686 chromedriver + 2586246
12  chromedriver                        0x00000001077a9b51 chromedriver + 2399057
13  chromedriver                        0x00000001077d8a5f chromedriver + 2591327
14  chromedriver                        0x00000001077ba6ec chromedriver + 2467564
15  chromedriver                        0x00000001077f22d8 chromedriver + 2695896
16  chromedriver                        0x00000001077f246b chromedriver + 2696299
17  chromedriver                        0x0000000107802558 chromedriver + 2762072
18  libsystem_pthread.dylib             0x00007fff204128fc _pthread_start + 224
19  libsystem_pthread.dylib             0x00007fff2040e443 thread_start + 15
]]>
            </message>
            <full-stacktrace>
              <![CDATA[org.openqa.selenium.SessionNotCreatedException: session not created: This version of ChromeDriver only supports Chrome version 91
Current browser version is 93.0.4577.63 with binary path /Applications/Google Chrome.app/Contents/MacOS/Google Chrome
Build info: version: '3.141.59', revision: 'e82be7d358', time: '2018-11-14T08:17:03'
System info: host: 'MBP-Kamil', ip: 'fdcb:6e76:c610:1:8fc:ea78:43a0:41f8%en0', os.name: 'Mac OS X', os.arch: 'x86_64', os.version: '10.16', java.version: '14.0.2'
Driver info: driver.version: ChromeDriver
remote stacktrace: 0   chromedriver                        0x00000001077fd649 chromedriver + 2741833
1   chromedriver                        0x0000000107eb3fb3 chromedriver + 9781171
2   chromedriver                        0x000000010758a308 chromedriver + 172808
3   chromedriver                        0x00000001075afcc1 chromedriver + 326849
4   chromedriver                        0x00000001075ab983 chromedriver + 309635
5   chromedriver                        0x00000001075a8016 chromedriver + 294934
6   chromedriver                        0x00000001075e04c0 chromedriver + 525504
7   chromedriver                        0x00000001075db363 chromedriver + 504675
8   chromedriver                        0x00000001075b1ef1 chromedriver + 335601
9   chromedriver                        0x00000001075b3125 chromedriver + 340261
10  chromedriver                        0x00000001077c475c chromedriver + 2508636
11  chromedriver                        0x00000001077d7686 chromedriver + 2586246
12  chromedriver                        0x00000001077a9b51 chromedriver + 2399057
13  chromedriver                        0x00000001077d8a5f chromedriver + 2591327
14  chromedriver                        0x00000001077ba6ec chromedriver + 2467564
15  chromedriver                        0x00000001077f22d8 chromedriver + 2695896
16  chromedriver                        0x00000001077f246b chromedriver + 2696299
17  chromedriver                        0x0000000107802558 chromedriver + 2762072
18  libsystem_pthread.dylib             0x00007fff204128fc _pthread_start + 224
19  libsystem_pthread.dylib             0x00007fff2040e443 thread_start + 15

at java.base/jdk.internal.reflect.NativeConstructorAccessorImpl.newInstance0(Native Method)
at java.base/jdk.internal.reflect.NativeConstructorAccessorImpl.newInstance(NativeConstructorAccessorImpl.java:62)
at java.base/jdk.internal.reflect.DelegatingConstructorAccessorImpl.newInstance(DelegatingConstructorAccessorImpl.java:45)
at java.base/java.lang.reflect.Constructor.newInstanceWithCaller(Constructor.java:500)
at java.base/java.lang.reflect.Constructor.newInstance(Constructor.java:481)
at org.openqa.selenium.remote.W3CHandshakeResponse.lambda$errorHandler$0(W3CHandshakeResponse.java:62)
at org.openqa.selenium.remote.HandshakeResponse.lambda$getResponseFunction$0(HandshakeResponse.java:30)
at org.openqa.selenium.remote.ProtocolHandshake.lambda$createSession$0(ProtocolHandshake.java:126)
at java.base/java.util.stream.ReferencePipeline$3$1.accept(ReferencePipeline.java:195)
at java.base/java.util.Spliterators$ArraySpliterator.tryAdvance(Spliterators.java:958)
at java.base/java.util.stream.ReferencePipeline.forEachWithCancel(ReferencePipeline.java:127)
at java.base/java.util.stream.AbstractPipeline.copyIntoWithCancel(AbstractPipeline.java:502)
at java.base/java.util.stream.AbstractPipeline.copyInto(AbstractPipeline.java:488)
at java.base/java.util.stream.AbstractPipeline.wrapAndCopyInto(AbstractPipeline.java:474)
at java.base/java.util.stream.FindOps$FindOp.evaluateSequential(FindOps.java:150)
at java.base/java.util.stream.AbstractPipeline.evaluate(AbstractPipeline.java:234)
at java.base/java.util.stream.ReferencePipeline.findFirst(ReferencePipeline.java:543)
at org.openqa.selenium.remote.ProtocolHandshake.createSession(ProtocolHandshake.java:128)
at org.openqa.selenium.remote.ProtocolHandshake.createSession(ProtocolHandshake.java:74)
at org.openqa.selenium.remote.HttpCommandExecutor.execute(HttpCommandExecutor.java:136)
at org.openqa.selenium.remote.service.DriverCommandExecutor.execute(DriverCommandExecutor.java:83)
at org.openqa.selenium.remote.RemoteWebDriver.execute(RemoteWebDriver.java:552)
at org.openqa.selenium.remote.RemoteWebDriver.startSession(RemoteWebDriver.java:213)
at org.openqa.selenium.remote.RemoteWebDriver.<init>(RemoteWebDriver.java:131)
at org.openqa.selenium.chrome.ChromeDriver.<init>(ChromeDriver.java:181)
at org.openqa.selenium.chrome.ChromeDriver.<init>(ChromeDriver.java:168)
at org.openqa.selenium.chrome.ChromeDriver.<init>(ChromeDriver.java:157)
at lesson11_Selenium_BrowserFabric.enums.BrowserFabric.getChromeDriver(BrowserFabric.java:57)
at lesson11_Selenium_BrowserFabric.enums.BrowserFabric.getWebdriver(BrowserFabric.java:26)
at lesson9_10_Selenium_PageObjectTests2_BaseTest.BaseTest.startUp(BaseTest.java:35)
at java.base/jdk.internal.reflect.NativeMethodAccessorImpl.invoke0(Native Method)
at java.base/jdk.internal.reflect.NativeMethodAccessorImpl.invoke(NativeMethodAccessorImpl.java:62)
at java.base/jdk.internal.reflect.DelegatingMethodAccessorImpl.invoke(DelegatingMethodAccessorImpl.java:43)
at java.base/java.lang.reflect.Method.invoke(Method.java:564)
at org.testng.internal.MethodInvocationHelper.invokeMethod(MethodInvocationHelper.java:133)
at org.testng.internal.MethodInvocationHelper.invokeMethodConsideringTimeout(MethodInvocationHelper.java:62)
at org.testng.internal.ConfigInvoker.invokeConfigurationMethod(ConfigInvoker.java:385)
at org.testng.internal.ConfigInvoker.invokeConfigurations(ConfigInvoker.java:321)
at org.testng.internal.TestInvoker.runConfigMethods(TestInvoker.java:700)
at org.testng.internal.TestInvoker.invokeMethod(TestInvoker.java:527)
at org.testng.internal.TestInvoker.invokeTestMethod(TestInvoker.java:173)
at org.testng.internal.MethodRunner.runInSequence(MethodRunner.java:46)
at org.testng.internal.TestInvoker$MethodInvocationAgent.invoke(TestInvoker.java:824)
at org.testng.internal.TestInvoker.invokeTestMethods(TestInvoker.java:146)
at org.testng.internal.TestMethodWorker.invokeTestMethods(TestMethodWorker.java:146)
at org.testng.internal.TestMethodWorker.run(TestMethodWorker.java:128)
at java.base/java.util.concurrent.ThreadPoolExecutor.runWorker(ThreadPoolExecutor.java:1130)
at java.base/java.util.concurrent.ThreadPoolExecutor$Worker.run(ThreadPoolExecutor.java:630)
at java.base/java.lang.Thread.run(Thread.java:832)
]]>
            </full-stacktrace>
          </exception> <!-- org.openqa.selenium.SessionNotCreatedException -->
          <reporter-output>
          </reporter-output>
        </test-method> <!-- playlistTest_renamePlaylist_playlistRenamed -->
        <test-method is-config="true" signature="startUp(java.lang.String,java.lang.String,java.lang.String)[pri:0, instance:lesson9_10_Selenium_PageObjectTests2_BaseTest.PlaylistTest@32a068d1]" started-at="2021-09-04T16:40:57 EDT" name="startUp" finished-at="1969-12-31T19:00:00 EST" duration-ms="-1630788057968" status="SKIP">
          <reporter-output>
          </reporter-output>
        </test-method> <!-- startUp -->
        <test-method is-config="true" signature="tearDown(org.testng.ITestResult)[pri:0, instance:lesson9_10_Selenium_PageObjectTests2_BaseTest.PlaylistTest@32a068d1]" started-at="2021-09-04T16:40:57 EDT" name="tearDown" finished-at="1969-12-31T19:00:00 EST" duration-ms="-1630788057969" status="SKIP">
[...]
Driver info: driver.version: ChromeDriver
remote stacktrace: 0   chromedriver                        0x000000010be77649 chromedriver + 2741833
1   chromedriver                        0x000000010c52dfb3 chromedriver + 9781171
2   chromedriver                        0x000000010bc04308 chromedriver + 172808
3   chromedriver                        0x000000010bc29cc1 chromedriver + 326849
4   chromedriver                        0x000000010bc25983 chromedriver + 309635
5   chromedriver                        0x000000010bc22016 chromedriver + 294934
6   chromedriver                        0x000000010bc5a4c0 chromedriver + 525504
7   chromedriver                        0x000000010bc55363 chromedriver + 504675
8   chromedriver                        0x000000010bc2bef1 chromedriver + 335601
9   chromedriver                        0x000000010bc2d125 chromedriver + 340261
10  chromedriver                        0x000000010be3e75c chromedriver + 2508636
11  chromedriver                        0x000000010be51686 chromedriver + 2586246
12  chromedriver                        0x000000010be23b51 chromedriver + 2399057
13  chromedriver                        0x000000010be52a5f chromedriver + 2591327
14  chromedriver                        0x000000010be346ec chromedriver + 2467564
15  chromedriver                        0x000000010be6c2d8 chromedriver + 2695896
16  chromedriver                        0x000000010be6c46b chromedriver + 2696299
17  chromedriver                        0x000000010be7c558 chromedriver + 2762072
18  libsystem_pthread.dylib             0x00007fff204128fc _pthread_start + 224
19  libsystem_pthread.dylib             0x00007fff2040e443 thread_start + 15
]]>
            </message>
            <full-stacktrace>
              <![CDATA[org.openqa.selenium.SessionNotCreatedException: session not created: This version of ChromeDriver only supports Chrome version 91
Current browser version is 93.0.4577.63 with binary path /Applications/Google Chrome.app/Contents/MacOS/Google Chrome
Build info: version: '3.141.59', revision: 'e82be7d358', time: '2018-11-14T08:17:03'
System info: host: 'MBP-Kamil', ip: 'fdcb:6e76:c610:1:8fc:ea78:43a0:41f8%en0', os.name: 'Mac OS X', os.arch: 'x86_64', os.version: '10.16', java.version: '14.0.2'
Driver info: driver.version: ChromeDriver
remote stacktrace: 0   chromedriver                        0x000000010be77649 chromedriver + 2741833
1   chromedriver                        0x000000010c52dfb3 chromedriver + 9781171
2   chromedriver                        0x000000010bc04308 chromedriver + 172808
3   chromedriver                        0x000000010bc29cc1 chromedriver + 326849
4   chromedriver                        0x000000010bc25983 chromedriver + 309635
5   chromedriver                        0x000000010bc22016 chromedriver + 294934
6   chromedriver                        0x000000010bc5a4c0 chromedriver + 525504
7   chromedriver                        0x000000010bc55363 chromedriver + 504675
8   chromedriver                        0x000000010bc2bef1 chromedriver + 335601
9   chromedriver                        0x000000010bc2d125 chromedriver + 340261
10  chromedriver                        0x000000010be3e75c chromedriver + 2508636
11  chromedriver                        0x000000010be51686 chromedriver + 2586246
12  chromedriver                        0x000000010be23b51 chromedriver + 2399057
13  chromedriver                        0x000000010be52a5f chromedriver + 2591327
14  chromedriver                        0x000000010be346ec chromedriver + 2467564
15  chromedriver                        0x000000010be6c2d8 chromedriver + 2695896
16  chromedriver                        0x000000010be6c46b chromedriver + 2696299
17  chromedriver                        0x000000010be7c558 chromedriver + 2762072
18  libsystem_pthread.dylib             0x00007fff204128fc _pthread_start + 224
19  libsystem_pthread.dylib             0x00007fff2040e443 thread_start + 15

at java.base/jdk.internal.reflect.NativeConstructorAccessorImpl.newInstance0(Native Method)
at java.base/jdk.internal.reflect.NativeConstructorAccessorImpl.newInstance(NativeConstructorAccessorImpl.java:62)
at java.base/jdk.internal.reflect.DelegatingConstructorAccessorImpl.newInstance(DelegatingConstructorAccessorImpl.java:45)
at java.base/java.lang.reflect.Constructor.newInstanceWithCaller(Constructor.java:500)
at java.base/java.lang.reflect.Constructor.newInstance(Constructor.java:481)
at org.openqa.selenium.remote.W3CHandshakeResponse.lambda$errorHandler$0(W3CHandshakeResponse.java:62)
at org.openqa.selenium.remote.HandshakeResponse.lambda$getResponseFunction$0(HandshakeResponse.java:30)
at org.openqa.selenium.remote.ProtocolHandshake.lambda$createSession$0(ProtocolHandshake.java:126)
at java.base/java.util.stream.ReferencePipeline$3$1.accept(ReferencePipeline.java:195)
at java.base/java.util.Spliterators$ArraySpliterator.tryAdvance(Spliterators.java:958)
at java.base/java.util.stream.ReferencePipeline.forEachWithCancel(ReferencePipeline.java:127)
at java.base/java.util.stream.AbstractPipeline.copyIntoWithCancel(AbstractPipeline.java:502)
at java.base/java.util.stream.AbstractPipeline.copyInto(AbstractPipeline.java:488)
at java.base/java.util.stream.AbstractPipeline.wrapAndCopyInto(AbstractPipeline.java:474)
at java.base/java.util.stream.FindOps$FindOp.evaluateSequential(FindOps.java:150)
at java.base/java.util.stream.AbstractPipeline.evaluate(AbstractPipeline.java:234)
at java.base/java.util.stream.ReferencePipeline.findFirst(ReferencePipeline.java:543)
at org.openqa.selenium.remote.ProtocolHandshake.createSession(ProtocolHandshake.java:128)
at org.openqa.selenium.remote.ProtocolHandshake.createSession(ProtocolHandshake.java:74)
at org.openqa.selenium.remote.HttpCommandExecutor.execute(HttpCommandExecutor.java:136)
at org.openqa.selenium.remote.service.DriverCommandExecutor.execute(DriverCommandExecutor.java:83)
at org.openqa.selenium.remote.RemoteWebDriver.execute(RemoteWebDriver.java:552)
at org.openqa.selenium.remote.RemoteWebDriver.startSession(RemoteWebDriver.java:213)
at org.openqa.selenium.remote.RemoteWebDriver.<init>(RemoteWebDriver.java:131)
at org.openqa.selenium.chrome.ChromeDriver.<init>(ChromeDriver.java:181)
at org.openqa.selenium.chrome.ChromeDriver.<init>(ChromeDriver.java:168)
at org.openqa.selenium.chrome.ChromeDriver.<init>(ChromeDriver.java:157)
at lesson11_Selenium_BrowserFabric.enums.BrowserFabric.getChromeDriver(BrowserFabric.java:57)
at lesson11_Selenium_BrowserFabric.enums.BrowserFabric.getWebdriver(BrowserFabric.java:26)
at lesson9_10_Selenium_PageObjectTests2_BaseTest.BaseTest.startUp(BaseTest.java:35)
at java.base/jdk.internal.reflect.NativeMethodAccessorImpl.invoke0(Native Method)
at java.base/jdk.internal.reflect.NativeMethodAccessorImpl.invoke(NativeMethodAccessorImpl.java:62)
at java.base/jdk.internal.reflect.DelegatingMethodAccessorImpl.invoke(DelegatingMethodAccessorImpl.java:43)
at java.base/java.lang.reflect.Method.invoke(Method.java:564)
at org.testng.internal.MethodInvocationHelper.invokeMethod(MethodInvocationHelper.java:133)
at org.testng.internal.MethodInvocationHelper.invokeMethodConsideringTimeout(MethodInvocationHelper.java:62)
at org.testng.internal.ConfigInvoker.invokeConfigurationMethod(ConfigInvoker.java:385)
at org.testng.internal.ConfigInvoker.invokeConfigurations(ConfigInvoker.java:321)
at org.testng.internal.TestInvoker.runConfigMethods(TestInvoker.java:700)
at org.testng.internal.TestInvoker.invokeMethod(TestInvoker.java:527)
at org.testng.internal.TestInvoker.invokeTestMethod(TestInvoker.java:173)
at org.testng.internal.MethodRunner.runInSequence(MethodRunner.java:46)
at org.testng.internal.TestInvoker$MethodInvocationAgent.invoke(TestInvoker.java:824)
at org.testng.internal.TestInvoker.invokeTestMethods(TestInvoker.java:146)
at org.testng.internal.TestMethodWorker.invokeTestMethods(TestMethodWorker.java:146)
at org.testng.internal.TestMethodWorker.run(TestMethodWorker.java:128)
at java.base/java.util.concurrent.ThreadPoolExecutor.runWorker(ThreadPoolExecutor.java:1130)
at java.base/java.util.concurrent.ThreadPoolExecutor$Worker.run(ThreadPoolExecutor.java:630)
at java.base/java.lang.Thread.run(Thread.java:832)
]]>
            </full-stacktrace>
          </exception> <!-- org.openqa.selenium.SessionNotCreatedException -->
          <reporter-output>
          </reporter-output>
        </test-method> <!-- loginTest_correctCredentials2A -->
        <test-method is-config="true" signature="tearDown(org.testng.ITestResult)[pri:0, instance:lesson9_10_Selenium_PageObjectTests2_BaseTest.LoginTest_A@4e41089d]" started-at="2021-09-04T16:40:57 EDT" name="tearDown" finished-at="1969-12-31T19:00:00 EST" duration-ms="-1630788057982" status="SKIP">
          <reporter-output>
          </reporter-output>
        </test-method> <!-- tearDown -->
        <test-method is-config="true" signature="startUp(java.lang.String,java.lang.String,java.lang.String)[pri:0, instance:lesson9_10_Selenium_PageObjectTests2_BaseTest.LoginTest_A@4e41089d]" started-at="2021-09-04T16:40:57 EDT" name="startUp" finished-at="1969-12-31T19:00:00 EST" duration-ms="-1630788057982" status="SKIP">
          <reporter-output>
          </reporter-output>
        </test-method> <!-- startUp -->
        <test-method is-config="true" signature="startUp(java.lang.String,java.lang.String,java.lang.String)[pri:0, instance:lesson9_10_Selenium_PageObjectTests2_BaseTest.LoginTest_A@4e41089d]" started-at="2021-09-04T16:40:57 EDT" name="startUp" finished-at="1969-12-31T19:00:00 EST" duration-ms="-1630788057983" status="SKIP">
          <reporter-output>
          </reporter-output>
        </test-method> <!-- startUp -->
        <test-method is-config="true" signature="tearDown(org.testng.ITestResult)[pri:0, instance:lesson9_10_Selenium_PageObjectTests2_BaseTest.LoginTest_A@4e41089d]" started-at="2021-09-04T16:40:57 EDT" name="tearDown" finished-at="1969-12-31T19:00:00 EST" duration-ms="-1630788057983" status="SKIP">
          <reporter-output>
          </reporter-output>
        </test-method> <!-- tearDown -->
        <test-method signature="loginTest_wrongCridentials2A()[pri:0, instance:lesson9_10_Selenium_PageObjectTests2_BaseTest.LoginTest_A@4e41089d]" started-at="2021-09-04T16:40:57 EDT" name="loginTest_wrongCridentials2A" finished-at="2021-09-04T16:40:57 EDT" duration-ms="0" status="SKIP">
          <exception class="org.openqa.selenium.SessionNotCreatedException">
            <message>
              <![CDATA[session not created: This version of ChromeDriver only supports Chrome version 91
Current browser version is 93.0.4577.63 with binary path /Applications/Google Chrome.app/Contents/MacOS/Google Chrome
Build info: version: '3.141.59', revision: 'e82be7d358', time: '2018-11-14T08:17:03'
System info: host: 'MBP-Kamil', ip: 'fdcb:6e76:c610:1:8fc:ea78:43a0:41f8%en0', os.name: 'Mac OS X', os.arch: 'x86_64', os.version: '10.16', java.version: '14.0.2'
Driver info: driver.version: ChromeDriver
remote stacktrace: 0   chromedriver                        0x000000010be77649 chromedriver + 2741833
1   chromedriver                        0x000000010c52dfb3 chromedriver + 9781171
2   chromedriver                        0x000000010bc04308 chromedriver + 172808
3   chromedriver                        0x000000010bc29cc1 chromedriver + 326849
4   chromedriver                        0x000000010bc25983 chromedriver + 309635
5   chromedriver                        0x000000010bc22016 chromedriver + 294934
6   chromedriver                        0x000000010bc5a4c0 chromedriver + 525504
7   chromedriver                        0x000000010bc55363 chromedriver + 504675
8   chromedriver                        0x000000010bc2bef1 chromedriver + 335601
9   chromedriver                        0x000000010bc2d125 chromedriver + 340261
10  chromedriver                        0x000000010be3e75c chromedriver + 2508636
11  chromedriver                        0x000000010be51686 chromedriver + 2586246
12  chromedriver                        0x000000010be23b51 chromedriver + 2399057
13  chromedriver                        0x000000010be52a5f chromedriver + 2591327
14  chromedriver                        0x000000010be346ec chromedriver + 2467564
15  chromedriver                        0x000000010be6c2d8 chromedriver + 2695896
16  chromedriver                        0x000000010be6c46b chromedriver + 2696299
17  chromedriver                        0x000000010be7c558 chromedriver + 2762072
18  libsystem_pthread.dylib             0x00007fff204128fc _pthread_start + 224
19  libsystem_pthread.dylib             0x00007fff2040e443 thread_start + 15
]]>
            </message>
            <full-stacktrace>
              <![CDATA[org.openqa.selenium.SessionNotCreatedException: session not created: This version of ChromeDriver only supports Chrome version 91
Current browser version is 93.0.4577.63 with binary path /Applications/Google Chrome.app/Contents/MacOS/Google Chrome
Build info: version: '3.141.59', revision: 'e82be7d358', time: '2018-11-14T08:17:03'
System info: host: 'MBP-Kamil', ip: 'fdcb:6e76:c610:1:8fc:ea78:43a0:41f8%en0', os.name: 'Mac OS X', os.arch: 'x86_64', os.version: '10.16', java.version: '14.0.2'
Driver info: driver.version: ChromeDriver
remote stacktrace: 0   chromedriver                        0x000000010be77649 chromedriver + 2741833
1   chromedriver                        0x000000010c52dfb3 chromedriver + 9781171
2   chromedriver                        0x000000010bc04308 chromedriver + 172808
3   chromedriver                        0x000000010bc29cc1 chromedriver + 326849
4   chromedriver                        0x000000010bc25983 chromedriver + 309635
5   chromedriver                        0x000000010bc22016 chromedriver + 294934
6   chromedriver                        0x000000010bc5a4c0 chromedriver + 525504
7   chromedriver                        0x000000010bc55363 chromedriver + 504675
8   chromedriver                        0x000000010bc2bef1 chromedriver + 335601
9   chromedriver                        0x000000010bc2d125 chromedriver + 340261
10  chromedriver                        0x000000010be3e75c chromedriver + 2508636
11  chromedriver                        0x000000010be51686 chromedriver + 2586246
12  chromedriver                        0x000000010be23b51 chromedriver + 2399057
13  chromedriver                        0x000000010be52a5f chromedriver + 2591327
14  chromedriver                        0x000000010be346ec chromedriver + 2467564
15  chromedriver                        0x000000010be6c2d8 chromedriver + 2695896
16  chromedriver                        0x000000010be6c46b chromedriver + 2696299
17  chromedriver                        0x000000010be7c558 chromedriver + 2762072
18  libsystem_pthread.dylib             0x00007fff204128fc _pthread_start + 224
19  libsystem_pthread.dylib             0x00007fff2040e443 thread_start + 15

at java.base/jdk.internal.reflect.NativeConstructorAccessorImpl.newInstance0(Native Method)
at java.base/jdk.internal.reflect.NativeConstructorAccessorImpl.newInstance(NativeConstructorAccessorImpl.java:62)
at java.base/jdk.internal.reflect.DelegatingConstructorAccessorImpl.newInstance(DelegatingConstructorAccessorImpl.java:45)
at java.base/java.lang.reflect.Constructor.newInstanceWithCaller(Constructor.java:500)
at java.base/java.lang.reflect.Constructor.newInstance(Constructor.java:481)
at org.openqa.selenium.remote.W3CHandshakeResponse.lambda$errorHandler$0(W3CHandshakeResponse.java:62)
at org.openqa.selenium.remote.HandshakeResponse.lambda$getResponseFunction$0(HandshakeResponse.java:30)
at org.openqa.selenium.remote.ProtocolHandshake.lambda$createSession$0(ProtocolHandshake.java:126)
at java.base/java.util.stream.ReferencePipeline$3$1.accept(ReferencePipeline.java:195)
at java.base/java.util.Spliterators$ArraySpliterator.tryAdvance(Spliterators.java:958)
at java.base/java.util.stream.ReferencePipeline.forEachWithCancel(ReferencePipeline.java:127)
at java.base/java.util.stream.AbstractPipeline.copyIntoWithCancel(AbstractPipeline.java:502)
at java.base/java.util.stream.AbstractPipeline.copyInto(AbstractPipeline.java:488)
at java.base/java.util.stream.AbstractPipeline.wrapAndCopyInto(AbstractPipeline.java:474)
at java.base/java.util.stream.FindOps$FindOp.evaluateSequential(FindOps.java:150)
at java.base/java.util.stream.AbstractPipeline.evaluate(AbstractPipeline.java:234)
at java.base/java.util.stream.ReferencePipeline.findFirst(ReferencePipeline.java:543)
at org.openqa.selenium.remote.ProtocolHandshake.createSession(ProtocolHandshake.java:128)
at org.openqa.selenium.remote.ProtocolHandshake.createSession(ProtocolHandshake.java:74)
at org.openqa.selenium.remote.HttpCommandExecutor.execute(HttpCommandExecutor.java:136)
at org.openqa.selenium.remote.service.DriverCommandExecutor.execute(DriverCommandExecutor.java:83)
at org.openqa.selenium.remote.RemoteWebDriver.execute(RemoteWebDriver.java:552)
at org.openqa.selenium.remote.RemoteWebDriver.startSession(RemoteWebDriver.java:213)
at org.openqa.selenium.remote.RemoteWebDriver.<init>(RemoteWebDriver.java:131)
at org.openqa.selenium.chrome.ChromeDriver.<init>(ChromeDriver.java:181)
at org.openqa.selenium.chrome.ChromeDriver.<init>(ChromeDriver.java:168)
at org.openqa.selenium.chrome.ChromeDriver.<init>(ChromeDriver.java:157)
at lesson11_Selenium_BrowserFabric.enums.BrowserFabric.getChromeDriver(BrowserFabric.java:57)
at lesson11_Selenium_BrowserFabric.enums.BrowserFabric.getWebdriver(BrowserFabric.java:26)
at lesson9_10_Selenium_PageObjectTests2_BaseTest.BaseTest.startUp(BaseTest.java:35)
at java.base/jdk.internal.reflect.NativeMethodAccessorImpl.invoke0(Native Method)
at java.base/jdk.internal.reflect.NativeMethodAccessorImpl.invoke(NativeMethodAccessorImpl.java:62)
at java.base/jdk.internal.reflect.DelegatingMethodAccessorImpl.invoke(DelegatingMethodAccessorImpl.java:43)
at java.base/java.lang.reflect.Method.invoke(Method.java:564)
at org.testng.internal.MethodInvocationHelper.invokeMethod(MethodInvocationHelper.java:133)
at org.testng.internal.MethodInvocationHelper.invokeMethodConsideringTimeout(MethodInvocationHelper.java:62)
at org.testng.internal.ConfigInvoker.invokeConfigurationMethod(ConfigInvoker.java:385)
at org.testng.internal.ConfigInvoker.invokeConfigurations(ConfigInvoker.java:321)
at org.testng.internal.TestInvoker.runConfigMethods(TestInvoker.java:700)
at org.testng.internal.TestInvoker.invokeMethod(TestInvoker.java:527)
at org.testng.internal.TestInvoker.invokeTestMethod(TestInvoker.java:173)
at org.testng.internal.MethodRunner.runInSequence(MethodRunner.java:46)
at org.testng.internal.TestInvoker$MethodInvocationAgent.invoke(TestInvoker.java:824)
at org.testng.internal.TestInvoker.invokeTestMethods(TestInvoker.java:146)
at org.testng.internal.TestMethodWorker.invokeTestMethods(TestMethodWorker.java:146)
at org.testng.internal.TestMethodWorker.run(TestMethodWorker.java:128)
at java.base/java.util.concurrent.ThreadPoolExecutor.runWorker(ThreadPoolExecutor.java:1130)
at java.base/java.util.concurrent.ThreadPoolExecutor$Worker.run(ThreadPoolExecutor.java:630)
at java.base/java.lang.Thread.run(Thread.java:832)
]]>
            </full-stacktrace>
          </exception> <!-- org.openqa.selenium.SessionNotCreatedException -->
          <reporter-output>
          </reporter-output>
        </test-method> <!-- loginTest_wrongCridentials2A -->
        <test-method is-config="true" signature="tearDown(org.testng.ITestResult)[pri:0, instance:lesson9_10_Selenium_PageObjectTests2_BaseTest.LoginTest_A@4e41089d]" started-at="2021-09-04T16:40:57 EDT" name="tearDown" finished-at="1969-12-31T19:00:00 EST" duration-ms="-1630788057984" status="SKIP">
          <reporter-output>
          </reporter-output>
        </test-method> <!-- tearDown -->
      </class> <!-- lesson9_10_Selenium_PageObjectTests2_BaseTest.LoginTest_A -->
    </test> <!-- AllTests -->
  </suite> <!-- MasterSuite -->
</testng-results>
